[2024-12-19T23:11:02.633Z] ERROR: Error closing the channel: Channel closing
[2024-12-19T23:11:02.635Z] ERROR: RabbitMq connection closed. Attempting to reconnect...
[2024-12-19T23:11:02.636Z] ERROR: Error closing the connection: Connection closed (by client)
[2024-12-19T23:13:43.262Z] ERROR: Error closing the channel: Channel closing
[2024-12-19T23:13:43.263Z] ERROR: RabbitMq connection closed. Attempting to reconnect...
[2024-12-19T23:13:43.263Z] ERROR: Error closing the connection: Connection closed (by client)
[2024-12-19T23:15:47.064Z] ERROR: Error closing the channel: Channel closing
[2024-12-19T23:15:47.066Z] ERROR: RabbitMq connection closed. Attempting to reconnect...
[2024-12-19T23:15:47.066Z] ERROR: Error closing the connection: Connection closed (by client)
[2024-12-19T23:16:39.444Z] ERROR: Error closing the channel: Channel closing
[2024-12-19T23:16:39.446Z] ERROR: RabbitMq connection closed. Attempting to reconnect...
[2024-12-19T23:16:39.446Z] ERROR: Error closing the connection: Connection closed (by client)
[2024-12-19T23:16:52.378Z] ERROR: Error closing the channel: Channel closing
[2024-12-19T23:16:52.380Z] ERROR: RabbitMq connection closed. Attempting to reconnect...
[2024-12-19T23:16:52.380Z] ERROR: Error closing the connection: Connection closed (by client)
[2024-12-19T23:17:05.384Z] ERROR: RabbitMq connection closed. Attempting to reconnect...
[2024-12-19T23:17:05.385Z] ERROR: Error closing the connection: Connection closed (by client)
[2024-12-19T23:17:38.293Z] ERROR: RabbitMq connection closed. Attempting to reconnect...
[2024-12-19T23:17:38.294Z] ERROR: Error closing the connection: Connection closed (by client)
[2024-12-19T23:18:17.720Z] ERROR: RabbitMq connection closed. Attempting to reconnect...
[2024-12-19T23:18:17.720Z] ERROR: Error closing the connection: Connection closed (by client)
[2024-12-19T23:19:15.302Z] ERROR: RabbitMq connection closed. Attempting to reconnect...
[2024-12-19T23:19:15.302Z] ERROR: Error closing the connection: Connection closed (by client)
[2024-12-19T23:19:34.161Z] ERROR: Error closing the channel: Channel closing
[2024-12-19T23:19:34.164Z] ERROR: RabbitMq connection closed. Attempting to reconnect...
[2024-12-19T23:19:34.164Z] ERROR: Error closing the connection: Connection closed (by client)
[2024-12-20T13:39:25.691Z] ERROR: RabbitMq connection closed. Attempting to reconnect...
[2024-12-20T13:39:25.692Z] ERROR: Error closing the connection: Connection closed (by client)
[2024-12-20T13:39:47.496Z] ERROR: Error closing the channel: Channel closing
[2024-12-20T13:39:47.498Z] ERROR: RabbitMq connection closed. Attempting to reconnect...
[2024-12-20T13:39:47.499Z] ERROR: Error closing the connection: Connection closed (by client)
[2024-12-20T13:44:31.053Z] ERROR: Error closing the channel: Channel closing
[2024-12-20T13:44:31.054Z] ERROR: Error closing the connection: Connection closing
[2024-12-20T13:44:31.055Z] ERROR: RabbitMq connection closed. Attempting to reconnect...
[2024-12-20T13:46:47.629Z] ERROR: Error closing the channel: Channel closing
[2024-12-20T13:46:47.630Z] ERROR: RabbitMq connection closed. Attempting to reconnect...
[2024-12-20T13:46:47.631Z] ERROR: Error closing the connection: Connection closed (by client)
[2024-12-20T13:52:29.897Z] ERROR: RabbitMq connection closed. Attempting to reconnect...
[2024-12-20T13:52:29.897Z] ERROR: Error closing the connection: Connection closed (by client)
[2024-12-20T13:52:42.926Z] ERROR: RabbitMq connection closed. Attempting to reconnect...
[2024-12-20T13:52:42.926Z] ERROR: Error closing the connection: Connection closed (by client)
[2024-12-20T13:53:50.221Z] ERROR: RabbitMq connection closed. Attempting to reconnect...
[2024-12-20T13:53:50.222Z] ERROR: Error closing the connection: Connection closed (by client)
[2024-12-20T13:54:22.626Z] ERROR: RabbitMq connection closed. Attempting to reconnect...
[2024-12-20T13:54:22.627Z] ERROR: Error closing the connection: Connection closed (by client)
[2024-12-20T13:56:32.278Z] ERROR: RabbitMq connection closed. Attempting to reconnect...
[2024-12-20T13:56:32.278Z] ERROR: Error closing the connection: Connection closed (by client)
[2024-12-20T13:56:56.999Z] ERROR: RabbitMq connection closed. Attempting to reconnect...
[2024-12-20T13:56:57.000Z] ERROR: Error closing the connection: Connection closed (by client)
[2024-12-20T13:57:28.592Z] ERROR: RabbitMq connection closed. Attempting to reconnect...
[2024-12-20T13:57:28.592Z] ERROR: Error closing the connection: Connection closed (by client)
[2024-12-20T13:58:27.341Z] ERROR: RabbitMq connection closed. Attempting to reconnect...
[2024-12-20T13:58:27.341Z] ERROR: Error closing the connection: Connection closed (by client)
[2024-12-20T13:59:40.159Z] ERROR: RabbitMq connection closed. Attempting to reconnect...
[2024-12-20T13:59:40.159Z] ERROR: Error closing the connection: Connection closed (by client)
[2024-12-20T14:07:00.458Z] ERROR: RabbitMq connection closed. Attempting to reconnect...
[2024-12-20T14:07:00.458Z] ERROR: Error closing the connection: Connection closed (by client)
[2024-12-20T14:09:37.179Z] ERROR: RabbitMq connection closed. Attempting to reconnect...
[2024-12-20T14:09:37.180Z] ERROR: Error closing the connection: Connection closed (by client)
[2024-12-20T14:10:10.286Z] ERROR: RabbitMq connection closed. Attempting to reconnect...
[2024-12-20T14:10:10.286Z] ERROR: Error closing the connection: Connection closed (by client)
[2024-12-20T14:16:47.722Z] ERROR: RabbitMq connection closed. Attempting to reconnect...
[2024-12-20T14:16:47.722Z] ERROR: Error closing the connection: Connection closed (by client)
[2024-12-20T14:30:43.087Z] ERROR: RabbitMq connection closed. Attempting to reconnect...
[2024-12-20T14:30:43.088Z] ERROR: Error closing the connection: Connection closed (by client)
[2024-12-20T14:31:02.690Z] ERROR: RabbitMq connection closed. Attempting to reconnect...
[2024-12-20T14:31:02.691Z] ERROR: Error closing the connection: Connection closed (by client)
[2024-12-20T14:31:41.326Z] ERROR: RabbitMq connection closed. Attempting to reconnect...
[2024-12-20T14:31:41.327Z] ERROR: Error closing the connection: Connection closed (by client)
[2024-12-20T14:31:55.334Z] ERROR: RabbitMq connection closed. Attempting to reconnect...
[2024-12-20T14:31:55.335Z] ERROR: Error closing the connection: Connection closed (by client)
[2024-12-20T14:33:51.782Z] ERROR: RabbitMq connection closed. Attempting to reconnect...
[2024-12-20T14:33:51.782Z] ERROR: Error closing the connection: Connection closed (by client)
[2024-12-20T14:36:17.255Z] ERROR: RabbitMq connection closed. Attempting to reconnect...
[2024-12-20T14:36:17.255Z] ERROR: Error closing the connection: Connection closed (by client)
[2024-12-20T14:36:56.111Z] ERROR: RabbitMq connection closed. Attempting to reconnect...
[2024-12-20T14:36:56.111Z] ERROR: Error closing the connection: Connection closed (by client)
[2024-12-20T14:39:56.341Z] ERROR: RabbitMq connection closed. Attempting to reconnect...
[2024-12-20T14:39:56.342Z] ERROR: Error closing the connection: Connection closed (by client)
[2024-12-20T14:45:05.930Z] ERROR: RabbitMq connection closed. Attempting to reconnect...
[2024-12-20T14:45:05.931Z] ERROR: Error closing the connection: Connection closed (by client)
[2024-12-20T14:45:23.234Z] ERROR: RabbitMq connection closed. Attempting to reconnect...
[2024-12-20T14:45:23.234Z] ERROR: Error closing the connection: Connection closed (by client)
[2024-12-20T14:45:51.506Z] ERROR: RabbitMq connection closed. Attempting to reconnect...
[2024-12-20T14:45:51.507Z] ERROR: Error closing the connection: Connection closed (by client)
[2024-12-20T14:46:05.922Z] ERROR: RabbitMq connection closed. Attempting to reconnect...
[2024-12-20T14:46:05.922Z] ERROR: Error closing the connection: Connection closed (by client)
[2024-12-20T14:46:49.218Z] ERROR: RabbitMq connection closed. Attempting to reconnect...
[2024-12-20T14:46:49.219Z] ERROR: Error closing the connection: Connection closed (by client)
[2024-12-20T14:47:17.370Z] ERROR: RabbitMq connection closed. Attempting to reconnect...
[2024-12-20T14:47:17.371Z] ERROR: Error closing the connection: Connection closed (by client)
[2024-12-20T14:47:56.238Z] ERROR: RabbitMq connection closed. Attempting to reconnect...
[2024-12-20T14:47:56.238Z] ERROR: Error closing the connection: Connection closed (by client)
[2024-12-20T14:51:24.208Z] ERROR: RabbitMq connection closed. Attempting to reconnect...
[2024-12-20T14:51:24.208Z] ERROR: Error closing the connection: Connection closed (by client)
[2024-12-20T14:52:04.183Z] ERROR: RabbitMq connection closed. Attempting to reconnect...
[2024-12-20T14:52:04.184Z] ERROR: Error closing the connection: Connection closed (by client)
[2024-12-20T14:54:10.651Z] ERROR: RabbitMq connection closed. Attempting to reconnect...
[2024-12-20T14:54:10.651Z] ERROR: Error closing the connection: Connection closed (by client)
[2024-12-20T15:06:09.592Z] ERROR: Error closing the channel: Channel closing
[2024-12-20T15:06:09.594Z] ERROR: RabbitMq connection closed. Attempting to reconnect...
[2024-12-20T15:06:09.594Z] ERROR: Error closing the connection: Connection closed (by client)
[2024-12-20T15:08:00.404Z] ERROR: RabbitMq connection closed. Attempting to reconnect...
[2024-12-20T15:08:00.404Z] ERROR: Error closing the connection: Connection closed (by client)
[2024-12-20T23:44:34.503Z] ERROR: RabbitMq connection closed. Attempting to reconnect...
[2024-12-20T23:44:34.503Z] ERROR: Error closing the connection: Connection closed (by client)
[2024-12-20T23:45:37.580Z] ERROR: RabbitMq connection closed. Attempting to reconnect...
[2024-12-20T23:45:37.581Z] ERROR: Error closing the connection: Connection closed (by client)
[2024-12-20T23:45:55.241Z] ERROR: RabbitMq connection closed. Attempting to reconnect...
[2024-12-20T23:45:55.242Z] ERROR: Error closing the connection: Connection closed (by client)
[2024-12-21T18:07:02.750Z] ERROR: Error closing the channel: Channel closing
[2024-12-21T18:07:02.752Z] ERROR: RabbitMq connection closed. Attempting to reconnect...
[2024-12-21T18:07:02.752Z] ERROR: Error closing the connection: Connection closed (by client)
[2024-12-21T18:13:02.900Z] ERROR: Error closing the channel: Channel closing
[2024-12-21T18:13:02.901Z] ERROR: RabbitMq connection closed. Attempting to reconnect...
[2024-12-21T18:13:02.902Z] ERROR: Error closing the connection: Connection closed (by client)
[2024-12-21T18:15:02.913Z] ERROR: Error closing the channel: Channel closing
[2024-12-21T18:15:02.915Z] ERROR: RabbitMq connection closed. Attempting to reconnect...
[2024-12-21T18:15:02.915Z] ERROR: Error closing the connection: Connection closed (by client)
[2024-12-22T17:55:08.756Z] ERROR: Error closing the channel: Channel closing
[2024-12-22T17:55:08.758Z] ERROR: RabbitMq connection closed. Attempting to reconnect...
[2024-12-22T17:55:08.759Z] ERROR: Error closing the connection: Connection closed (by client)
[2024-12-22T17:56:53.790Z] ERROR: Error closing the channel: Channel closing
[2024-12-22T17:56:53.792Z] ERROR: RabbitMq connection closed. Attempting to reconnect...
[2024-12-22T17:56:53.792Z] ERROR: Error closing the connection: Connection closed (by client)
[2024-12-22T17:58:30.223Z] ERROR: Error closing the channel: Channel closing
[2024-12-22T17:58:30.224Z] ERROR: RabbitMq connection closed. Attempting to reconnect...
[2024-12-22T17:58:30.225Z] ERROR: Error closing the connection: Connection closed (by client)
[2024-12-22T18:03:10.320Z] ERROR: Error closing the channel: Channel closing
[2024-12-22T18:03:10.322Z] ERROR: RabbitMq connection closed. Attempting to reconnect...
[2024-12-22T18:03:10.322Z] ERROR: Error closing the connection: Connection closed (by client)
[2024-12-22T18:04:09.800Z] ERROR: Error closing the channel: Channel closing
[2024-12-22T18:04:09.802Z] ERROR: RabbitMq connection closed. Attempting to reconnect...
[2024-12-22T18:04:09.802Z] ERROR: Error closing the connection: Connection closed (by client)
[2024-12-22T18:08:27.236Z] ERROR: Error closing the channel: Channel closing
[2024-12-22T18:08:27.237Z] ERROR: RabbitMq connection closed. Attempting to reconnect...
[2024-12-22T18:08:27.238Z] ERROR: Error closing the connection: Connection closed (by client)
[2024-12-22T18:09:47.216Z] ERROR: RabbitMq connection closed. Attempting to reconnect...
[2024-12-22T18:09:47.216Z] ERROR: Error closing the connection: Connection closed (by client)
[2024-12-23T07:53:40.358Z] ERROR: RabbitMq connection error: read ECONNRESET
[2024-12-23T07:53:40.401Z] ERROR: RabbitMq connection closed. Attempting to reconnect...
[2024-12-23T07:53:40.401Z] ERROR: Error closing the channel: Channel closed
[2024-12-23T07:53:40.402Z] ERROR: Error closing the connection: Connection closed (Error: read ECONNRESET)
[2024-12-23T08:17:59.070Z] ERROR: RabbitMq connection closed. Attempting to reconnect...
[2024-12-23T08:17:59.070Z] ERROR: Error closing the connection: Connection closed (by client)
[2024-12-23T08:30:00.304Z] ERROR: RabbitMq connection closed. Attempting to reconnect...
[2024-12-23T08:30:00.305Z] ERROR: Error closing the connection: Connection closed (by client)
[2024-12-23T08:30:26.351Z] ERROR: RabbitMq connection closed. Attempting to reconnect...
[2024-12-23T08:30:26.351Z] ERROR: Error closing the connection: Connection closed (by client)
[2024-12-23T09:01:57.282Z] ERROR: RabbitMq connection closed. Attempting to reconnect...
[2024-12-23T09:01:57.282Z] ERROR: Error closing the connection: Connection closed (by client)
[2024-12-23T09:03:17.322Z] ERROR: RabbitMq connection closed. Attempting to reconnect...
[2024-12-23T09:03:17.323Z] ERROR: Error closing the connection: Connection closed (by client)
[2024-12-23T09:03:59.762Z] ERROR: RabbitMq connection closed. Attempting to reconnect...
[2024-12-23T09:03:59.762Z] ERROR: Error closing the connection: Connection closed (by client)
[2024-12-23T09:04:29.214Z] ERROR: RabbitMq connection closed. Attempting to reconnect...
[2024-12-23T09:04:29.214Z] ERROR: Error closing the connection: Connection closed (by client)
[2024-12-23T09:16:20.440Z] ERROR: Error closing the channel: Channel closing
[2024-12-23T09:16:20.442Z] ERROR: RabbitMq connection closed. Attempting to reconnect...
[2024-12-23T09:16:20.442Z] ERROR: Error closing the connection: Connection closed (by client)
[2024-12-23T09:16:47.251Z] ERROR: Error closing the channel: Channel closing
[2024-12-23T09:16:47.253Z] ERROR: RabbitMq connection closed. Attempting to reconnect...
[2024-12-23T09:16:47.253Z] ERROR: Error closing the connection: Connection closed (by client)
[2024-12-23T09:19:23.708Z] ERROR: Error closing the channel: Channel closing
[2024-12-23T09:19:23.710Z] ERROR: RabbitMq connection closed. Attempting to reconnect...
[2024-12-23T09:19:23.710Z] ERROR: Error closing the connection: Connection closed (by client)
[2024-12-23T09:20:26.158Z] ERROR: Error closing the channel: Channel closing
[2024-12-23T09:20:26.159Z] ERROR: RabbitMq connection closed. Attempting to reconnect...
[2024-12-23T09:20:26.160Z] ERROR: Error closing the connection: Connection closed (by client)
[2024-12-23T09:21:32.273Z] ERROR: Error closing the channel: Channel closing
[2024-12-23T09:21:32.274Z] ERROR: RabbitMq connection closed. Attempting to reconnect...
[2024-12-23T09:21:32.274Z] ERROR: Error closing the connection: Connection closed (by client)
[2024-12-23T18:06:43.884Z] ERROR: Error at publishing message to RabbitMQ: TypeError [ERR_INVALID_ARG_TYPE]: The first argument must be of type string or an instance of Buffer, ArrayBuffer, or Array or an Array-like Object. Received undefined
[2024-12-23T18:06:48.898Z] ERROR: Error at publishing message to RabbitMQ: TypeError [ERR_INVALID_ARG_TYPE]: The first argument must be of type string or an instance of Buffer, ArrayBuffer, or Array or an Array-like Object. Received undefined
[2024-12-23T18:06:53.899Z] ERROR: Error at publishing message to RabbitMQ: TypeError [ERR_INVALID_ARG_TYPE]: The first argument must be of type string or an instance of Buffer, ArrayBuffer, or Array or an Array-like Object. Received undefined
[2024-12-23T18:06:58.914Z] ERROR: Error at publishing message to RabbitMQ: TypeError [ERR_INVALID_ARG_TYPE]: The first argument must be of type string or an instance of Buffer, ArrayBuffer, or Array or an Array-like Object. Received undefined
[2024-12-23T18:07:03.924Z] ERROR: Error at publishing message to RabbitMQ: TypeError [ERR_INVALID_ARG_TYPE]: The first argument must be of type string or an instance of Buffer, ArrayBuffer, or Array or an Array-like Object. Received undefined
[2024-12-23T18:07:08.930Z] ERROR: Error at publishing message to RabbitMQ: TypeError [ERR_INVALID_ARG_TYPE]: The first argument must be of type string or an instance of Buffer, ArrayBuffer, or Array or an Array-like Object. Received undefined
[2024-12-23T18:07:13.937Z] ERROR: Error at publishing message to RabbitMQ: TypeError [ERR_INVALID_ARG_TYPE]: The first argument must be of type string or an instance of Buffer, ArrayBuffer, or Array or an Array-like Object. Received undefined
[2024-12-23T18:07:18.951Z] ERROR: Error at publishing message to RabbitMQ: TypeError [ERR_INVALID_ARG_TYPE]: The first argument must be of type string or an instance of Buffer, ArrayBuffer, or Array or an Array-like Object. Received undefined
[2024-12-23T18:07:23.954Z] ERROR: Error at publishing message to RabbitMQ: TypeError [ERR_INVALID_ARG_TYPE]: The first argument must be of type string or an instance of Buffer, ArrayBuffer, or Array or an Array-like Object. Received undefined
[2024-12-23T18:07:28.963Z] ERROR: Error at publishing message to RabbitMQ: TypeError [ERR_INVALID_ARG_TYPE]: The first argument must be of type string or an instance of Buffer, ArrayBuffer, or Array or an Array-like Object. Received undefined
[2024-12-23T18:07:33.972Z] ERROR: Error at publishing message to RabbitMQ: TypeError [ERR_INVALID_ARG_TYPE]: The first argument must be of type string or an instance of Buffer, ArrayBuffer, or Array or an Array-like Object. Received undefined
[2024-12-23T18:07:38.986Z] ERROR: Error at publishing message to RabbitMQ: TypeError [ERR_INVALID_ARG_TYPE]: The first argument must be of type string or an instance of Buffer, ArrayBuffer, or Array or an Array-like Object. Received undefined
[2024-12-23T18:07:43.994Z] ERROR: Error at publishing message to RabbitMQ: TypeError [ERR_INVALID_ARG_TYPE]: The first argument must be of type string or an instance of Buffer, ArrayBuffer, or Array or an Array-like Object. Received undefined
[2024-12-23T18:07:48.995Z] ERROR: Error at publishing message to RabbitMQ: TypeError [ERR_INVALID_ARG_TYPE]: The first argument must be of type string or an instance of Buffer, ArrayBuffer, or Array or an Array-like Object. Received undefined
[2024-12-23T18:07:54.001Z] ERROR: Error at publishing message to RabbitMQ: TypeError [ERR_INVALID_ARG_TYPE]: The first argument must be of type string or an instance of Buffer, ArrayBuffer, or Array or an Array-like Object. Received undefined
[2024-12-23T18:07:59.008Z] ERROR: Error at publishing message to RabbitMQ: TypeError [ERR_INVALID_ARG_TYPE]: The first argument must be of type string or an instance of Buffer, ArrayBuffer, or Array or an Array-like Object. Received undefined
[2024-12-23T18:08:04.032Z] ERROR: Error at publishing message to RabbitMQ: TypeError [ERR_INVALID_ARG_TYPE]: The first argument must be of type string or an instance of Buffer, ArrayBuffer, or Array or an Array-like Object. Received undefined
[2024-12-23T18:10:56.307Z] ERROR: Error at publishing message to RabbitMQ: TypeError [ERR_INVALID_ARG_TYPE]: The first argument must be of type string or an instance of Buffer, ArrayBuffer, or Array or an Array-like Object. Received undefined
[2024-12-23T18:11:01.311Z] ERROR: Error at publishing message to RabbitMQ: TypeError [ERR_INVALID_ARG_TYPE]: The first argument must be of type string or an instance of Buffer, ArrayBuffer, or Array or an Array-like Object. Received undefined
[2024-12-23T18:11:06.313Z] ERROR: Error at publishing message to RabbitMQ: TypeError [ERR_INVALID_ARG_TYPE]: The first argument must be of type string or an instance of Buffer, ArrayBuffer, or Array or an Array-like Object. Received undefined
[2024-12-23T18:11:11.321Z] ERROR: Error at publishing message to RabbitMQ: TypeError [ERR_INVALID_ARG_TYPE]: The first argument must be of type string or an instance of Buffer, ArrayBuffer, or Array or an Array-like Object. Received undefined
[2024-12-23T18:11:16.333Z] ERROR: Error at publishing message to RabbitMQ: TypeError [ERR_INVALID_ARG_TYPE]: The first argument must be of type string or an instance of Buffer, ArrayBuffer, or Array or an Array-like Object. Received undefined
[2024-12-23T18:11:21.342Z] ERROR: Error at publishing message to RabbitMQ: TypeError [ERR_INVALID_ARG_TYPE]: The first argument must be of type string or an instance of Buffer, ArrayBuffer, or Array or an Array-like Object. Received undefined
[2024-12-23T18:11:26.344Z] ERROR: Error at publishing message to RabbitMQ: TypeError [ERR_INVALID_ARG_TYPE]: The first argument must be of type string or an instance of Buffer, ArrayBuffer, or Array or an Array-like Object. Received undefined
[2024-12-23T18:11:31.360Z] ERROR: Error at publishing message to RabbitMQ: TypeError [ERR_INVALID_ARG_TYPE]: The first argument must be of type string or an instance of Buffer, ArrayBuffer, or Array or an Array-like Object. Received undefined
[2024-12-23T18:11:36.385Z] ERROR: Error at publishing message to RabbitMQ: TypeError [ERR_INVALID_ARG_TYPE]: The first argument must be of type string or an instance of Buffer, ArrayBuffer, or Array or an Array-like Object. Received undefined
[2024-12-23T18:11:41.392Z] ERROR: Error at publishing message to RabbitMQ: TypeError [ERR_INVALID_ARG_TYPE]: The first argument must be of type string or an instance of Buffer, ArrayBuffer, or Array or an Array-like Object. Received undefined
[2024-12-23T18:11:46.399Z] ERROR: Error at publishing message to RabbitMQ: TypeError [ERR_INVALID_ARG_TYPE]: The first argument must be of type string or an instance of Buffer, ArrayBuffer, or Array or an Array-like Object. Received undefined
[2024-12-23T18:11:51.405Z] ERROR: Error at publishing message to RabbitMQ: TypeError [ERR_INVALID_ARG_TYPE]: The first argument must be of type string or an instance of Buffer, ArrayBuffer, or Array or an Array-like Object. Received undefined
[2024-12-23T18:11:56.418Z] ERROR: Error at publishing message to RabbitMQ: TypeError [ERR_INVALID_ARG_TYPE]: The first argument must be of type string or an instance of Buffer, ArrayBuffer, or Array or an Array-like Object. Received undefined
[2024-12-23T18:12:01.433Z] ERROR: Error at publishing message to RabbitMQ: TypeError [ERR_INVALID_ARG_TYPE]: The first argument must be of type string or an instance of Buffer, ArrayBuffer, or Array or an Array-like Object. Received undefined
[2024-12-23T18:12:15.262Z] ERROR: RabbitMq connection closed. Attempting to reconnect...
[2024-12-23T18:12:15.262Z] ERROR: Error closing the connection: Connection closed (by client)
[2024-12-23T18:16:13.225Z] ERROR: RabbitMq connection closed. Attempting to reconnect...
[2024-12-23T18:16:13.225Z] ERROR: Error closing the connection: Connection closed (by client)
[2024-12-23T18:17:53.814Z] ERROR: RabbitMq connection closed. Attempting to reconnect...
[2024-12-23T18:17:53.815Z] ERROR: Error closing the connection: Connection closed (by client)
[2024-12-29T13:27:20.019Z] ERROR: RabbitMq connection closed. Attempting to reconnect...
[2024-12-29T13:27:20.019Z] ERROR: Error closing the connection: Connection closed (by client)
[2024-12-29T13:28:15.814Z] ERROR: RabbitMq connection closed. Attempting to reconnect...
[2024-12-29T13:28:15.815Z] ERROR: Error closing the connection: Connection closed (by client)
[2024-12-29T13:31:18.890Z] ERROR: RabbitMq connection closed. Attempting to reconnect...
[2024-12-29T13:31:18.891Z] ERROR: Error closing the connection: Connection closed (by client)
[2024-12-29T13:32:16.226Z] ERROR: RabbitMq connection closed. Attempting to reconnect...
[2024-12-29T13:32:16.227Z] ERROR: Error closing the connection: Connection closed (by client)
[2024-12-29T13:32:58.241Z] ERROR: RabbitMq connection closed. Attempting to reconnect...
[2024-12-29T13:32:58.241Z] ERROR: Error closing the connection: Connection closed (by client)
[2024-12-29T13:33:42.410Z] ERROR: RabbitMq connection closed. Attempting to reconnect...
[2024-12-29T13:33:42.411Z] ERROR: Error closing the connection: Connection closed (by client)
[2024-12-29T13:34:17.398Z] ERROR: RabbitMq connection closed. Attempting to reconnect...
[2024-12-29T13:34:17.398Z] ERROR: Error closing the connection: Connection closed (by client)
[2024-12-29T13:34:33.755Z] ERROR: RabbitMq connection closed. Attempting to reconnect...
[2024-12-29T13:34:33.755Z] ERROR: Error closing the connection: Connection closed (by client)
[2024-12-29T13:35:11.231Z] ERROR: RabbitMq connection closed. Attempting to reconnect...
[2024-12-29T13:35:11.231Z] ERROR: Error closing the connection: Connection closed (by client)
[2024-12-29T13:36:21.330Z] ERROR: RabbitMq connection closed. Attempting to reconnect...
[2024-12-29T13:36:21.330Z] ERROR: Error closing the connection: Connection closed (by client)
[2024-12-29T13:36:55.701Z] ERROR: RabbitMq connection closed. Attempting to reconnect...
[2024-12-29T13:36:55.702Z] ERROR: Error closing the connection: Connection closed (by client)
[2024-12-29T14:24:57.326Z] ERROR: RabbitMq connection closed. Attempting to reconnect...
[2024-12-29T14:24:57.327Z] ERROR: Error closing the connection: Connection closed (by client)
[2024-12-29T14:25:09.345Z] ERROR: RabbitMq connection closed. Attempting to reconnect...
[2024-12-29T14:25:09.345Z] ERROR: Error closing the connection: Connection closed (by client)
[2024-12-29T14:26:19.202Z] ERROR: RabbitMq connection closed. Attempting to reconnect...
[2024-12-29T14:26:19.203Z] ERROR: Error closing the connection: Connection closed (by client)
[2024-12-29T14:26:29.073Z] ERROR: RabbitMq connection closed. Attempting to reconnect...
[2024-12-29T14:26:29.073Z] ERROR: Error closing the connection: Connection closed (by client)
[2024-12-29T14:26:52.813Z] ERROR: RabbitMq connection closed. Attempting to reconnect...
[2024-12-29T14:26:52.813Z] ERROR: Error closing the connection: Connection closed (by client)
[2024-12-29T14:27:31.976Z] ERROR: RabbitMq connection closed. Attempting to reconnect...
[2024-12-29T14:27:31.977Z] ERROR: Error closing the connection: Connection closed (by client)
[2024-12-29T14:27:47.268Z] ERROR: RabbitMq connection closed. Attempting to reconnect...
[2024-12-29T14:27:47.268Z] ERROR: Error closing the connection: Connection closed (by client)
[2025-01-01T09:57:39.062Z] ERROR: RabbitMq connection closed. Attempting to reconnect...
[2025-01-01T09:57:39.062Z] ERROR: Error closing the connection: Connection closed (by client)
[2025-01-01T09:58:51.356Z] ERROR: RabbitMq connection closed. Attempting to reconnect...
[2025-01-01T09:58:51.357Z] ERROR: Error closing the connection: Connection closed (by client)
[2025-01-01T09:59:46.134Z] ERROR: RabbitMq connection closed. Attempting to reconnect...
[2025-01-01T09:59:46.134Z] ERROR: Error closing the connection: Connection closed (by client)
[2025-01-01T10:00:15.832Z] ERROR: RabbitMq connection closed. Attempting to reconnect...
[2025-01-01T10:00:15.832Z] ERROR: Error closing the connection: Connection closed (by client)
[2025-01-01T10:01:37.431Z] ERROR: RabbitMq connection closed. Attempting to reconnect...
[2025-01-01T10:01:37.431Z] ERROR: Error closing the connection: Connection closed (by client)
[2025-01-01T10:11:16.907Z] ERROR: RabbitMq connection closed. Attempting to reconnect...
[2025-01-01T10:11:16.908Z] ERROR: Error closing the connection: Connection closed (by client)
[2025-01-01T10:12:04.238Z] ERROR: RabbitMq connection closed. Attempting to reconnect...
[2025-01-01T10:12:04.238Z] ERROR: Error closing the connection: Connection closed (by client)
[2025-01-01T10:12:22.877Z] ERROR: RabbitMq connection closed. Attempting to reconnect...
[2025-01-01T10:12:22.878Z] ERROR: Error closing the connection: Connection closed (by client)
[2025-01-01T10:13:53.393Z] ERROR: RabbitMq connection closed. Attempting to reconnect...
[2025-01-01T10:13:53.393Z] ERROR: Error closing the connection: Connection closed (by client)
[2025-01-01T10:14:15.213Z] ERROR: RabbitMq connection closed. Attempting to reconnect...
[2025-01-01T10:14:15.213Z] ERROR: Error closing the connection: Connection closed (by client)
[2025-01-01T10:14:46.193Z] ERROR: RabbitMq connection closed. Attempting to reconnect...
[2025-01-01T10:14:46.194Z] ERROR: Error closing the connection: Connection closed (by client)
[2025-01-01T10:15:33.662Z] ERROR: RabbitMq connection closed. Attempting to reconnect...
[2025-01-01T10:15:33.663Z] ERROR: Error closing the connection: Connection closed (by client)
[2025-01-01T10:45:30.852Z] ERROR: RabbitMq connection error: read ECONNRESET
[2025-01-01T10:45:30.858Z] ERROR: RabbitMq connection closed. Attempting to reconnect...
[2025-01-01T10:45:30.862Z] ERROR: Error closing the channel: Channel closed
[2025-01-01T10:45:30.863Z] ERROR: Error closing the connection: Connection closed (Error: read ECONNRESET)
[2025-01-02T09:51:17.287Z] ERROR: RabbitMq connection closed. Attempting to reconnect...
[2025-01-02T09:51:17.288Z] ERROR: Error closing the connection: Connection closed (by client)
[2025-01-02T09:52:07.451Z] ERROR: RabbitMq connection closed. Attempting to reconnect...
[2025-01-02T09:52:07.451Z] ERROR: Error closing the connection: Connection closed (by client)
[2025-01-02T09:54:25.047Z] ERROR: RabbitMq connection closed. Attempting to reconnect...
[2025-01-02T09:54:25.048Z] ERROR: Error closing the connection: Connection closed (by client)
[2025-01-02T10:02:14.062Z] ERROR: RabbitMq connection closed. Attempting to reconnect...
[2025-01-02T10:02:14.063Z] ERROR: Error closing the connection: Connection closed (by client)
[2025-01-02T10:04:48.966Z] ERROR: RabbitMq connection closed. Attempting to reconnect...
[2025-01-02T10:04:48.967Z] ERROR: Error closing the connection: Connection closed (by client)
[2025-01-02T10:05:26.310Z] ERROR: RabbitMq connection closed. Attempting to reconnect...
[2025-01-02T10:05:26.311Z] ERROR: Error closing the connection: Connection closed (by client)
[2025-01-02T10:06:21.383Z] ERROR: RabbitMq connection closed. Attempting to reconnect...
[2025-01-02T10:06:21.383Z] ERROR: Error closing the connection: Connection closed (by client)
[2025-01-02T10:06:44.319Z] ERROR: RabbitMq connection closed. Attempting to reconnect...
[2025-01-02T10:06:44.320Z] ERROR: Error closing the connection: Connection closed (by client)
[2025-01-02T10:10:34.443Z] ERROR: RabbitMq connection closed. Attempting to reconnect...
[2025-01-02T10:10:34.443Z] ERROR: Error closing the connection: Connection closed (by client)
[2025-01-02T10:12:34.160Z] ERROR: RabbitMq connection closed. Attempting to reconnect...
[2025-01-02T10:12:34.160Z] ERROR: Error closing the connection: Connection closed (by client)
[2025-01-02T10:12:59.548Z] ERROR: RabbitMq connection closed. Attempting to reconnect...
[2025-01-02T10:12:59.549Z] ERROR: Error closing the connection: Connection closed (by client)
[2025-01-02T10:17:01.682Z] ERROR: RabbitMq connection closed. Attempting to reconnect...
[2025-01-02T10:17:01.682Z] ERROR: Error closing the connection: Connection closed (by client)
[2025-01-02T10:17:18.674Z] ERROR: RabbitMq connection closed. Attempting to reconnect...
[2025-01-02T10:17:18.674Z] ERROR: Error closing the connection: Connection closed (by client)
[2025-01-02T10:17:53.014Z] ERROR: RabbitMq connection closed. Attempting to reconnect...
[2025-01-02T10:17:53.014Z] ERROR: Error closing the connection: Connection closed (by client)
[2025-01-02T10:18:10.537Z] ERROR: RabbitMq connection closed. Attempting to reconnect...
[2025-01-02T10:18:10.537Z] ERROR: Error closing the connection: Connection closed (by client)
[2025-01-02T10:28:56.372Z] ERROR: RabbitMq connection closed. Attempting to reconnect...
[2025-01-02T10:28:56.372Z] ERROR: Error closing the connection: Connection closed (by client)
[2025-01-02T10:31:44.057Z] ERROR: RabbitMq connection closed. Attempting to reconnect...
[2025-01-02T10:31:44.058Z] ERROR: Error closing the connection: Connection closed (by client)
[2025-01-02T10:32:02.884Z] ERROR: RabbitMq connection closed. Attempting to reconnect...
[2025-01-02T10:32:02.884Z] ERROR: Error closing the connection: Connection closed (by client)
[2025-01-02T10:32:29.229Z] ERROR: RabbitMq connection closed. Attempting to reconnect...
[2025-01-02T10:32:29.229Z] ERROR: Error closing the connection: Connection closed (by client)
[2025-01-02T10:32:34.705Z] ERROR: RabbitMq connection closed. Attempting to reconnect...
[2025-01-02T10:32:34.705Z] ERROR: Error closing the connection: Connection closed (by client)
[2025-01-02T12:23:45.618Z] ERROR: RabbitMq connection closed. Attempting to reconnect...
[2025-01-02T12:23:45.618Z] ERROR: Error closing the connection: Connection closed (by client)
[2025-01-02T12:25:18.345Z] ERROR: RabbitMq connection closed. Attempting to reconnect...
[2025-01-02T12:25:18.345Z] ERROR: Error closing the connection: Connection closed (by client)
[2025-01-02T12:25:42.317Z] ERROR: RabbitMq connection closed. Attempting to reconnect...
[2025-01-02T12:25:42.317Z] ERROR: Error closing the connection: Connection closed (by client)
[2025-01-02T12:25:57.089Z] ERROR: RabbitMq connection closed. Attempting to reconnect...
[2025-01-02T12:25:57.090Z] ERROR: Error closing the connection: Connection closed (by client)
[2025-01-02T12:26:24.435Z] ERROR: RabbitMq connection closed. Attempting to reconnect...
[2025-01-02T12:26:24.436Z] ERROR: Error closing the connection: Connection closed (by client)
[2025-01-02T12:30:54.129Z] ERROR: RabbitMq connection closed. Attempting to reconnect...
[2025-01-02T12:30:54.129Z] ERROR: Error closing the connection: Connection closed (by client)
[2025-01-02T12:32:24.677Z] ERROR: RabbitMq connection closed. Attempting to reconnect...
[2025-01-02T12:32:24.678Z] ERROR: Error closing the connection: Connection closed (by client)
[2025-01-02T12:34:57.109Z] ERROR: RabbitMq connection closed. Attempting to reconnect...
[2025-01-02T12:34:57.110Z] ERROR: Error closing the connection: Connection closed (by client)
[2025-01-02T12:39:37.255Z] ERROR: RabbitMq connection closed. Attempting to reconnect...
[2025-01-02T12:39:37.255Z] ERROR: Error closing the connection: Connection closed (by client)
[2025-01-02T12:52:03.583Z] ERROR: RabbitMq connection closed. Attempting to reconnect...
[2025-01-02T12:52:03.584Z] ERROR: Error closing the connection: Connection closed (by client)
[2025-01-02T12:54:10.958Z] ERROR: RabbitMq connection closed. Attempting to reconnect...
[2025-01-02T12:54:10.958Z] ERROR: Error closing the connection: Connection closed (by client)
[2025-01-02T12:56:16.158Z] ERROR: RabbitMq connection closed. Attempting to reconnect...
[2025-01-02T12:56:16.159Z] ERROR: Error closing the connection: Connection closed (by client)
[2025-01-02T12:56:54.083Z] ERROR: RabbitMq connection closed. Attempting to reconnect...
[2025-01-02T12:56:54.083Z] ERROR: Error closing the connection: Connection closed (by client)
[2025-01-02T12:58:30.701Z] ERROR: RabbitMq connection closed. Attempting to reconnect...
[2025-01-02T12:58:30.702Z] ERROR: Error closing the connection: Connection closed (by client)
[2025-01-02T12:59:29.297Z] ERROR: RabbitMq connection closed. Attempting to reconnect...
[2025-01-02T12:59:29.297Z] ERROR: Error closing the connection: Connection closed (by client)
[2025-01-02T13:00:10.942Z] ERROR: RabbitMq connection closed. Attempting to reconnect...
[2025-01-02T13:00:10.942Z] ERROR: Error closing the connection: Connection closed (by client)
[2025-01-02T13:00:32.787Z] ERROR: RabbitMq connection closed. Attempting to reconnect...
[2025-01-02T13:00:32.788Z] ERROR: Error closing the connection: Connection closed (by client)
