
[2024-12-18T20:04:04.942Z] LOG: Attempting to connect to RabbitMQ server...
[2024-12-18T20:04:04.958Z] LOG: Creating a new RabbitMq channel...
[2024-12-18T20:04:04.960Z] LOG: Channel created successfully
[2024-12-19T17:11:56.072Z] LOG: Attempting to connect to RabbitMQ server...
[2024-12-19T17:11:56.083Z] LOG: Creating a new RabbitMq channel...
[2024-12-19T17:11:56.085Z] LOG: Channel created successfully
[2024-12-19T19:39:46.102Z] LOG: Attempting to connect to RabbitMQ server...
[2024-12-19T19:39:46.110Z] LOG: Creating a new RabbitMq channel...
[2024-12-19T19:39:46.112Z] LOG: Channel created successfully
[2024-12-19T19:57:06.128Z] LOG: Attempting to connect to RabbitMQ server...
[2024-12-19T19:57:06.136Z] LOG: Creating a new RabbitMq channel...
[2024-12-19T19:57:06.138Z] LOG: Channel created successfully
[2024-12-19T19:57:28.107Z] LOG: Attempting to connect to RabbitMQ server...
[2024-12-19T19:57:28.116Z] LOG: Creating a new RabbitMq channel...
[2024-12-19T19:57:28.117Z] LOG: Channel created successfully
[2024-12-19T19:57:54.764Z] LOG: Attempting to connect to RabbitMQ server...
[2024-12-19T19:57:54.771Z] LOG: Creating a new RabbitMq channel...
[2024-12-19T19:57:54.773Z] LOG: Channel created successfully
[2024-12-19T19:58:26.568Z] LOG: Attempting to connect to RabbitMQ server...
[2024-12-19T19:58:26.576Z] LOG: Creating a new RabbitMq channel...
[2024-12-19T19:58:26.578Z] LOG: Channel created successfully
[2024-12-19T19:58:41.158Z] LOG: Attempting to connect to RabbitMQ server...
[2024-12-19T19:58:41.165Z] LOG: Creating a new RabbitMq channel...
[2024-12-19T19:58:41.167Z] LOG: Channel created successfully
[2024-12-19T23:11:01.613Z] LOG: Attempting to connect to RabbitMQ server...
[2024-12-19T23:11:01.622Z] LOG: Creating a new RabbitMq channel...
[2024-12-19T23:11:01.624Z] LOG: Channel created successfully
[2024-12-19T23:11:01.627Z] LOG: Notification sent to Horatiu Crisan
[2024-12-19T23:11:02.635Z] LOG: Reconnecting to RabbitMq in 5 seconds...
[2024-12-19T23:11:07.635Z] LOG: Attempting to connect to RabbitMQ server...
[2024-12-19T23:11:07.639Z] LOG: Creating a new RabbitMq channel...
[2024-12-19T23:11:07.640Z] LOG: Channel created successfully
[2024-12-19T23:13:42.248Z] LOG: Attempting to connect to RabbitMQ server...
[2024-12-19T23:13:42.256Z] LOG: Creating a new RabbitMq channel...
[2024-12-19T23:13:42.257Z] LOG: Channel created successfully
[2024-12-19T23:13:42.259Z] LOG: Notification sent to Horatiu Crisan
[2024-12-19T23:13:43.263Z] LOG: Reconnecting to RabbitMq in 5 seconds...
[2024-12-19T23:13:48.273Z] LOG: Attempting to connect to RabbitMQ server...
[2024-12-19T23:13:48.278Z] LOG: Creating a new RabbitMq channel...
[2024-12-19T23:13:48.278Z] LOG: Channel created successfully
[2024-12-19T23:15:46.036Z] LOG: Attempting to connect to RabbitMQ server...
[2024-12-19T23:15:46.043Z] LOG: Creating a new RabbitMq channel...
[2024-12-19T23:15:46.045Z] LOG: Channel created successfully
[2024-12-19T23:15:46.047Z] LOG: Notification sent to Horatiu Crisan
[2024-12-19T23:15:47.066Z] LOG: Reconnecting to RabbitMq in 5 seconds...
[2024-12-19T23:15:52.072Z] LOG: Attempting to connect to RabbitMQ server...
[2024-12-19T23:15:52.077Z] LOG: Creating a new RabbitMq channel...
[2024-12-19T23:15:52.078Z] LOG: Channel created successfully
[2024-12-19T23:16:38.418Z] LOG: Attempting to connect to RabbitMQ server...
[2024-12-19T23:16:38.425Z] LOG: Creating a new RabbitMq channel...
[2024-12-19T23:16:38.426Z] LOG: Channel created successfully
[2024-12-19T23:16:38.427Z] LOG: Notification sent to Test 2
[2024-12-19T23:16:39.446Z] LOG: Reconnecting to RabbitMq in 5 seconds...
[2024-12-19T23:16:44.453Z] LOG: Attempting to connect to RabbitMQ server...
[2024-12-19T23:16:44.458Z] LOG: Creating a new RabbitMq channel...
[2024-12-19T23:16:44.459Z] LOG: Channel created successfully
[2024-12-19T23:16:52.380Z] LOG: Reconnecting to RabbitMq in 10 seconds...
[2024-12-19T23:17:04.360Z] LOG: Attempting to connect to RabbitMQ server...
[2024-12-19T23:17:04.367Z] LOG: Creating a new RabbitMq channel...
[2024-12-19T23:17:04.369Z] LOG: Channel created successfully
[2024-12-19T23:17:05.385Z] LOG: Reconnecting to RabbitMq in 5 seconds...
[2024-12-19T23:17:10.399Z] LOG: Attempting to connect to RabbitMQ server...
[2024-12-19T23:17:10.403Z] LOG: Creating a new RabbitMq channel...
[2024-12-19T23:17:10.404Z] LOG: Channel created successfully
[2024-12-19T23:17:38.294Z] LOG: Reconnecting to RabbitMq in 10 seconds...
[2024-12-19T23:17:48.299Z] LOG: Attempting to connect to RabbitMQ server...
[2024-12-19T23:17:48.303Z] LOG: Creating a new RabbitMq channel...
[2024-12-19T23:17:48.304Z] LOG: Channel created successfully
[2024-12-19T23:18:16.696Z] LOG: Attempting to connect to RabbitMQ server...
[2024-12-19T23:18:16.703Z] LOG: Creating a new RabbitMq channel...
[2024-12-19T23:18:16.704Z] LOG: Channel created successfully
[2024-12-19T23:18:17.720Z] LOG: Reconnecting to RabbitMq in 5 seconds...
[2024-12-19T23:18:22.726Z] LOG: Attempting to connect to RabbitMQ server...
[2024-12-19T23:18:22.731Z] LOG: Creating a new RabbitMq channel...
[2024-12-19T23:18:22.731Z] LOG: Channel created successfully
[2024-12-19T23:19:15.302Z] LOG: Reconnecting to RabbitMq in 10 seconds...
[2024-12-19T23:19:25.317Z] LOG: Attempting to connect to RabbitMQ server...
[2024-12-19T23:19:25.321Z] LOG: Creating a new RabbitMq channel...
[2024-12-19T23:19:25.321Z] LOG: Channel created successfully
[2024-12-19T23:19:33.146Z] LOG: Attempting to connect to RabbitMQ server...
[2024-12-19T23:19:33.153Z] LOG: Creating a new RabbitMq channel...
[2024-12-19T23:19:33.154Z] LOG: Channel created successfully
[2024-12-19T23:19:33.156Z] LOG: Notification sent to Test 1
[2024-12-19T23:19:33.156Z] LOG: Notification sent to Test 2
[2024-12-19T23:19:34.164Z] LOG: Reconnecting to RabbitMq in 5 seconds...
[2024-12-19T23:19:39.176Z] LOG: Attempting to connect to RabbitMQ server...
[2024-12-19T23:19:39.179Z] LOG: Creating a new RabbitMq channel...
[2024-12-19T23:19:39.180Z] LOG: Channel created successfully
[2024-12-20T13:39:24.651Z] LOG: Attempting to connect to RabbitMQ server...
[2024-12-20T13:39:24.667Z] LOG: Creating a new RabbitMq channel...
[2024-12-20T13:39:24.669Z] LOG: Channel created successfully
[2024-12-20T13:39:25.692Z] LOG: Reconnecting to RabbitMq in 5 seconds...
[2024-12-20T13:39:30.695Z] LOG: Attempting to connect to RabbitMQ server...
[2024-12-20T13:39:30.699Z] LOG: Creating a new RabbitMq channel...
[2024-12-20T13:39:30.699Z] LOG: Channel created successfully
[2024-12-20T13:39:46.473Z] LOG: Attempting to connect to RabbitMQ server...
[2024-12-20T13:39:46.480Z] LOG: Creating a new RabbitMq channel...
[2024-12-20T13:39:46.481Z] LOG: Channel created successfully
[2024-12-20T13:39:46.483Z] LOG: Notification sent to Horatiu Crisan
[2024-12-20T13:39:47.499Z] LOG: Reconnecting to RabbitMq in 5 seconds...
[2024-12-20T13:39:52.504Z] LOG: Attempting to connect to RabbitMQ server...
[2024-12-20T13:39:52.509Z] LOG: Creating a new RabbitMq channel...
[2024-12-20T13:39:52.510Z] LOG: Channel created successfully
[2024-12-20T13:44:30.034Z] LOG: Attempting to connect to RabbitMQ server...
[2024-12-20T13:44:30.041Z] LOG: Creating a new RabbitMq channel...
[2024-12-20T13:44:30.042Z] LOG: Channel created successfully
[2024-12-20T13:44:30.044Z] LOG: Notification sent to Horatiu Crisan
[2024-12-20T13:44:30.045Z] LOG: Notification sent to Test 2
[2024-12-20T13:44:31.055Z] LOG: Reconnecting to RabbitMq in 5 seconds...
[2024-12-20T13:44:36.055Z] LOG: Attempting to connect to RabbitMQ server...
[2024-12-20T13:44:36.059Z] LOG: Creating a new RabbitMq channel...
[2024-12-20T13:44:36.059Z] LOG: Channel created successfully
[2024-12-20T13:46:46.620Z] LOG: Notification sent to Horatiu Crisan
[2024-12-20T13:46:46.621Z] LOG: Notification sent to Test 2
[2024-12-20T13:46:47.630Z] LOG: Reconnecting to RabbitMq in 10 seconds...
[2024-12-20T13:46:57.637Z] LOG: Attempting to connect to RabbitMQ server...
[2024-12-20T13:46:57.642Z] LOG: Creating a new RabbitMq channel...
[2024-12-20T13:46:57.643Z] LOG: Channel created successfully
[2024-12-20T13:52:28.875Z] LOG: Attempting to connect to RabbitMQ server...
[2024-12-20T13:52:28.882Z] LOG: Creating a new RabbitMq channel...
[2024-12-20T13:52:28.884Z] LOG: Channel created successfully
[2024-12-20T13:52:29.897Z] LOG: Reconnecting to RabbitMq in 5 seconds...
[2024-12-20T13:52:34.906Z] LOG: Attempting to connect to RabbitMQ server...
[2024-12-20T13:52:34.910Z] LOG: Creating a new RabbitMq channel...
[2024-12-20T13:52:34.911Z] LOG: Channel created successfully
[2024-12-20T13:52:42.926Z] LOG: Reconnecting to RabbitMq in 10 seconds...
[2024-12-20T13:52:52.933Z] LOG: Attempting to connect to RabbitMQ server...
[2024-12-20T13:52:52.938Z] LOG: Creating a new RabbitMq channel...
[2024-12-20T13:52:52.938Z] LOG: Channel created successfully
[2024-12-20T13:53:49.193Z] LOG: Attempting to connect to RabbitMQ server...
[2024-12-20T13:53:49.201Z] LOG: Creating a new RabbitMq channel...
[2024-12-20T13:53:49.203Z] LOG: Channel created successfully
[2024-12-20T13:53:50.221Z] LOG: Reconnecting to RabbitMq in 5 seconds...
[2024-12-20T13:53:55.222Z] LOG: Attempting to connect to RabbitMQ server...
[2024-12-20T13:53:55.226Z] LOG: Creating a new RabbitMq channel...
[2024-12-20T13:53:55.227Z] LOG: Channel created successfully
[2024-12-20T13:54:21.589Z] LOG: Attempting to connect to RabbitMQ server...
[2024-12-20T13:54:21.597Z] LOG: Creating a new RabbitMq channel...
[2024-12-20T13:54:21.599Z] LOG: Channel created successfully
[2024-12-20T13:54:22.626Z] LOG: Reconnecting to RabbitMq in 5 seconds...
[2024-12-20T13:54:27.639Z] LOG: Attempting to connect to RabbitMQ server...
[2024-12-20T13:54:27.643Z] LOG: Creating a new RabbitMq channel...
[2024-12-20T13:54:27.644Z] LOG: Channel created successfully
[2024-12-20T13:56:31.255Z] LOG: Attempting to connect to RabbitMQ server...
[2024-12-20T13:56:31.263Z] LOG: Creating a new RabbitMq channel...
[2024-12-20T13:56:31.265Z] LOG: Channel created successfully
[2024-12-20T13:56:32.278Z] LOG: Reconnecting to RabbitMq in 5 seconds...
[2024-12-20T13:56:37.286Z] LOG: Attempting to connect to RabbitMQ server...
[2024-12-20T13:56:37.290Z] LOG: Creating a new RabbitMq channel...
[2024-12-20T13:56:37.290Z] LOG: Channel created successfully
[2024-12-20T13:56:55.974Z] LOG: Attempting to connect to RabbitMQ server...
[2024-12-20T13:56:55.982Z] LOG: Creating a new RabbitMq channel...
[2024-12-20T13:56:55.983Z] LOG: Channel created successfully
[2024-12-20T13:56:57.000Z] LOG: Reconnecting to RabbitMq in 5 seconds...
[2024-12-20T13:57:02.013Z] LOG: Attempting to connect to RabbitMQ server...
[2024-12-20T13:57:02.018Z] LOG: Creating a new RabbitMq channel...
[2024-12-20T13:57:02.019Z] LOG: Channel created successfully
[2024-12-20T13:57:27.561Z] LOG: Attempting to connect to RabbitMQ server...
[2024-12-20T13:57:27.570Z] LOG: Creating a new RabbitMq channel...
[2024-12-20T13:57:27.572Z] LOG: Channel created successfully
[2024-12-20T13:57:28.592Z] LOG: Reconnecting to RabbitMq in 5 seconds...
[2024-12-20T13:57:33.600Z] LOG: Attempting to connect to RabbitMQ server...
[2024-12-20T13:57:33.604Z] LOG: Creating a new RabbitMq channel...
[2024-12-20T13:57:33.605Z] LOG: Channel created successfully
[2024-12-20T13:58:26.316Z] LOG: Attempting to connect to RabbitMQ server...
[2024-12-20T13:58:26.324Z] LOG: Creating a new RabbitMq channel...
[2024-12-20T13:58:26.326Z] LOG: Channel created successfully
[2024-12-20T13:58:27.341Z] LOG: Reconnecting to RabbitMq in 5 seconds...
[2024-12-20T13:58:32.341Z] LOG: Attempting to connect to RabbitMQ server...
[2024-12-20T13:58:32.345Z] LOG: Creating a new RabbitMq channel...
[2024-12-20T13:58:32.346Z] LOG: Channel created successfully
[2024-12-20T13:59:39.130Z] LOG: Attempting to connect to RabbitMQ server...
[2024-12-20T13:59:39.138Z] LOG: Creating a new RabbitMq channel...
[2024-12-20T13:59:39.139Z] LOG: Channel created successfully
[2024-12-20T13:59:40.159Z] LOG: Reconnecting to RabbitMq in 5 seconds...
[2024-12-20T13:59:45.167Z] LOG: Attempting to connect to RabbitMQ server...
[2024-12-20T13:59:45.172Z] LOG: Creating a new RabbitMq channel...
[2024-12-20T13:59:45.173Z] LOG: Channel created successfully
[2024-12-20T14:06:59.435Z] LOG: Attempting to connect to RabbitMQ server...
[2024-12-20T14:06:59.443Z] LOG: Creating a new RabbitMq channel...
[2024-12-20T14:06:59.444Z] LOG: Channel created successfully
[2024-12-20T14:07:00.458Z] LOG: Reconnecting to RabbitMq in 5 seconds...
[2024-12-20T14:07:05.470Z] LOG: Attempting to connect to RabbitMQ server...
[2024-12-20T14:07:05.475Z] LOG: Creating a new RabbitMq channel...
[2024-12-20T14:07:05.475Z] LOG: Channel created successfully
[2024-12-20T14:09:36.162Z] LOG: Attempting to connect to RabbitMQ server...
[2024-12-20T14:09:36.169Z] LOG: Creating a new RabbitMq channel...
[2024-12-20T14:09:36.171Z] LOG: Channel created successfully
[2024-12-20T14:09:37.179Z] LOG: Reconnecting to RabbitMq in 5 seconds...
[2024-12-20T14:09:42.193Z] LOG: Attempting to connect to RabbitMQ server...
[2024-12-20T14:09:42.198Z] LOG: Creating a new RabbitMq channel...
[2024-12-20T14:09:42.199Z] LOG: Channel created successfully
[2024-12-20T14:10:09.255Z] LOG: Attempting to connect to RabbitMQ server...
[2024-12-20T14:10:09.263Z] LOG: Creating a new RabbitMq channel...
[2024-12-20T14:10:09.264Z] LOG: Channel created successfully
[2024-12-20T14:10:10.286Z] LOG: Reconnecting to RabbitMq in 5 seconds...
[2024-12-20T14:10:15.288Z] LOG: Attempting to connect to RabbitMQ server...
[2024-12-20T14:10:15.292Z] LOG: Creating a new RabbitMq channel...
[2024-12-20T14:10:15.293Z] LOG: Channel created successfully
[2024-12-20T14:16:46.701Z] LOG: Attempting to connect to RabbitMQ server...
[2024-12-20T14:16:46.708Z] LOG: Creating a new RabbitMq channel...
[2024-12-20T14:16:46.709Z] LOG: Channel created successfully
[2024-12-20T14:16:47.722Z] LOG: Reconnecting to RabbitMq in 5 seconds...
[2024-12-20T14:16:52.734Z] LOG: Attempting to connect to RabbitMQ server...
[2024-12-20T14:16:52.739Z] LOG: Creating a new RabbitMq channel...
[2024-12-20T14:16:52.739Z] LOG: Channel created successfully
[2024-12-20T14:30:42.053Z] LOG: Attempting to connect to RabbitMQ server...
[2024-12-20T14:30:42.061Z] LOG: Creating a new RabbitMq channel...
[2024-12-20T14:30:42.062Z] LOG: Channel created successfully
[2024-12-20T14:30:43.088Z] LOG: Reconnecting to RabbitMq in 5 seconds...
[2024-12-20T14:30:48.102Z] LOG: Attempting to connect to RabbitMQ server...
[2024-12-20T14:30:48.107Z] LOG: Creating a new RabbitMq channel...
[2024-12-20T14:30:48.107Z] LOG: Channel created successfully
[2024-12-20T14:31:01.673Z] LOG: Attempting to connect to RabbitMQ server...
[2024-12-20T14:31:01.680Z] LOG: Creating a new RabbitMq channel...
[2024-12-20T14:31:01.682Z] LOG: Channel created successfully
[2024-12-20T14:31:02.690Z] LOG: Reconnecting to RabbitMq in 5 seconds...
[2024-12-20T14:31:07.697Z] LOG: Attempting to connect to RabbitMQ server...
[2024-12-20T14:31:07.702Z] LOG: Creating a new RabbitMq channel...
[2024-12-20T14:31:07.705Z] LOG: Channel created successfully
[2024-12-20T14:31:40.298Z] LOG: Attempting to connect to RabbitMQ server...
[2024-12-20T14:31:40.306Z] LOG: Creating a new RabbitMq channel...
[2024-12-20T14:31:40.307Z] LOG: Channel created successfully
[2024-12-20T14:31:41.327Z] LOG: Reconnecting to RabbitMq in 5 seconds...
[2024-12-20T14:31:46.333Z] LOG: Attempting to connect to RabbitMQ server...
[2024-12-20T14:31:46.339Z] LOG: Creating a new RabbitMq channel...
[2024-12-20T14:31:46.340Z] LOG: Channel created successfully
[2024-12-20T14:31:54.313Z] LOG: Attempting to connect to RabbitMQ server...
[2024-12-20T14:31:54.321Z] LOG: Creating a new RabbitMq channel...
[2024-12-20T14:31:54.323Z] LOG: Channel created successfully
[2024-12-20T14:31:55.335Z] LOG: Reconnecting to RabbitMq in 5 seconds...
[2024-12-20T14:32:00.338Z] LOG: Attempting to connect to RabbitMQ server...
[2024-12-20T14:32:00.342Z] LOG: Creating a new RabbitMq channel...
[2024-12-20T14:32:00.343Z] LOG: Channel created successfully
[2024-12-20T14:33:51.782Z] LOG: Reconnecting to RabbitMq in 10 seconds...
[2024-12-20T14:34:01.795Z] LOG: Attempting to connect to RabbitMQ server...
[2024-12-20T14:34:01.800Z] LOG: Creating a new RabbitMq channel...
[2024-12-20T14:34:01.801Z] LOG: Channel created successfully
[2024-12-20T14:36:17.255Z] LOG: Reconnecting to RabbitMq in 20 seconds...
[2024-12-20T14:36:37.259Z] LOG: Attempting to connect to RabbitMQ server...
[2024-12-20T14:36:37.263Z] LOG: Creating a new RabbitMq channel...
[2024-12-20T14:36:37.263Z] LOG: Channel created successfully
[2024-12-20T14:36:56.111Z] LOG: Reconnecting to RabbitMq in 40 seconds...
[2024-12-20T14:37:36.117Z] LOG: Attempting to connect to RabbitMQ server...
[2024-12-20T14:37:36.122Z] LOG: Creating a new RabbitMq channel...
[2024-12-20T14:37:36.123Z] LOG: Channel created successfully
[2024-12-20T14:39:55.326Z] LOG: Attempting to connect to RabbitMQ server...
[2024-12-20T14:39:55.333Z] LOG: Creating a new RabbitMq channel...
[2024-12-20T14:39:55.335Z] LOG: Channel created successfully
[2024-12-20T14:39:56.342Z] LOG: Reconnecting to RabbitMq in 5 seconds...
[2024-12-20T14:40:01.352Z] LOG: Attempting to connect to RabbitMQ server...
[2024-12-20T14:40:01.356Z] LOG: Creating a new RabbitMq channel...
[2024-12-20T14:40:01.356Z] LOG: Channel created successfully
[2024-12-20T14:45:04.904Z] LOG: Attempting to connect to RabbitMQ server...
[2024-12-20T14:45:04.911Z] LOG: Creating a new RabbitMq channel...
[2024-12-20T14:45:04.913Z] LOG: Channel created successfully
[2024-12-20T14:45:05.931Z] LOG: Reconnecting to RabbitMq in 5 seconds...
[2024-12-20T14:45:10.946Z] LOG: Attempting to connect to RabbitMQ server...
[2024-12-20T14:45:10.950Z] LOG: Creating a new RabbitMq channel...
[2024-12-20T14:45:10.950Z] LOG: Channel created successfully
[2024-12-20T14:45:22.207Z] LOG: Attempting to connect to RabbitMQ server...
[2024-12-20T14:45:22.215Z] LOG: Creating a new RabbitMq channel...
[2024-12-20T14:45:22.216Z] LOG: Channel created successfully
[2024-12-20T14:45:23.234Z] LOG: Reconnecting to RabbitMq in 5 seconds...
[2024-12-20T14:45:28.249Z] LOG: Attempting to connect to RabbitMQ server...
[2024-12-20T14:45:28.254Z] LOG: Creating a new RabbitMq channel...
[2024-12-20T14:45:28.255Z] LOG: Channel created successfully
[2024-12-20T14:45:50.483Z] LOG: Attempting to connect to RabbitMQ server...
[2024-12-20T14:45:50.490Z] LOG: Creating a new RabbitMq channel...
[2024-12-20T14:45:50.491Z] LOG: Channel created successfully
[2024-12-20T14:45:51.507Z] LOG: Reconnecting to RabbitMq in 5 seconds...
[2024-12-20T14:45:56.513Z] LOG: Attempting to connect to RabbitMQ server...
[2024-12-20T14:45:56.517Z] LOG: Creating a new RabbitMq channel...
[2024-12-20T14:45:56.518Z] LOG: Channel created successfully
[2024-12-20T14:46:04.902Z] LOG: Attempting to connect to RabbitMQ server...
[2024-12-20T14:46:04.910Z] LOG: Creating a new RabbitMq channel...
[2024-12-20T14:46:04.911Z] LOG: Channel created successfully
[2024-12-20T14:46:05.922Z] LOG: Reconnecting to RabbitMq in 5 seconds...
[2024-12-20T14:46:10.924Z] LOG: Attempting to connect to RabbitMQ server...
[2024-12-20T14:46:10.929Z] LOG: Creating a new RabbitMq channel...
[2024-12-20T14:46:10.930Z] LOG: Channel created successfully
[2024-12-20T14:46:48.202Z] LOG: Attempting to connect to RabbitMQ server...
[2024-12-20T14:46:48.209Z] LOG: Creating a new RabbitMq channel...
[2024-12-20T14:46:48.210Z] LOG: Channel created successfully
[2024-12-20T14:46:49.219Z] LOG: Reconnecting to RabbitMq in 5 seconds...
[2024-12-20T14:46:54.232Z] LOG: Attempting to connect to RabbitMQ server...
[2024-12-20T14:46:54.236Z] LOG: Creating a new RabbitMq channel...
[2024-12-20T14:46:54.236Z] LOG: Channel created successfully
[2024-12-20T14:47:16.357Z] LOG: Attempting to connect to RabbitMQ server...
[2024-12-20T14:47:16.364Z] LOG: Creating a new RabbitMq channel...
[2024-12-20T14:47:16.365Z] LOG: Channel created successfully
[2024-12-20T14:47:17.371Z] LOG: Reconnecting to RabbitMq in 5 seconds...
[2024-12-20T14:47:22.373Z] LOG: Attempting to connect to RabbitMQ server...
[2024-12-20T14:47:22.379Z] LOG: Creating a new RabbitMq channel...
[2024-12-20T14:47:22.379Z] LOG: Channel created successfully
[2024-12-20T14:47:56.238Z] LOG: Reconnecting to RabbitMq in 10 seconds...
[2024-12-20T14:48:06.248Z] LOG: Attempting to connect to RabbitMQ server...
[2024-12-20T14:48:06.251Z] LOG: Creating a new RabbitMq channel...
[2024-12-20T14:48:06.252Z] LOG: Channel created successfully
[2024-12-20T14:51:23.193Z] LOG: Attempting to connect to RabbitMQ server...
[2024-12-20T14:51:23.199Z] LOG: Creating a new RabbitMq channel...
[2024-12-20T14:51:23.201Z] LOG: Channel created successfully
[2024-12-20T14:51:24.208Z] LOG: Reconnecting to RabbitMq in 5 seconds...
[2024-12-20T14:51:29.213Z] LOG: Attempting to connect to RabbitMQ server...
[2024-12-20T14:51:29.217Z] LOG: Creating a new RabbitMq channel...
[2024-12-20T14:51:29.218Z] LOG: Channel created successfully
[2024-12-20T14:52:03.166Z] LOG: Attempting to connect to RabbitMQ server...
[2024-12-20T14:52:03.173Z] LOG: Creating a new RabbitMq channel...
[2024-12-20T14:52:03.174Z] LOG: Channel created successfully
[2024-12-20T14:52:04.184Z] LOG: Reconnecting to RabbitMq in 5 seconds...
[2024-12-20T14:52:09.192Z] LOG: Attempting to connect to RabbitMQ server...
[2024-12-20T14:52:09.196Z] LOG: Creating a new RabbitMq channel...
[2024-12-20T14:52:09.197Z] LOG: Channel created successfully
[2024-12-20T14:54:10.651Z] LOG: Reconnecting to RabbitMq in 10 seconds...
[2024-12-20T14:54:20.654Z] LOG: Attempting to connect to RabbitMQ server...
[2024-12-20T14:54:20.658Z] LOG: Creating a new RabbitMq channel...
[2024-12-20T14:54:20.659Z] LOG: Channel created successfully
[2024-12-20T15:06:08.574Z] LOG: Attempting to connect to RabbitMQ server...
[2024-12-20T15:06:08.581Z] LOG: Creating a new RabbitMq channel...
[2024-12-20T15:06:08.583Z] LOG: Channel created successfully
[2024-12-20T15:06:08.584Z] LOG: Notification sent to Horatiu Crisan
[2024-12-20T15:06:09.594Z] LOG: Reconnecting to RabbitMq in 5 seconds...
[2024-12-20T15:06:14.597Z] LOG: Attempting to connect to RabbitMQ server...
[2024-12-20T15:06:14.602Z] LOG: Creating a new RabbitMq channel...
[2024-12-20T15:06:14.602Z] LOG: Channel created successfully
[2024-12-20T15:07:59.384Z] LOG: Attempting to connect to RabbitMQ server...
[2024-12-20T15:07:59.391Z] LOG: Creating a new RabbitMq channel...
[2024-12-20T15:07:59.392Z] LOG: Channel created successfully
[2024-12-20T15:08:00.404Z] LOG: Reconnecting to RabbitMq in 5 seconds...
[2024-12-20T15:08:05.410Z] LOG: Attempting to connect to RabbitMQ server...
[2024-12-20T15:08:05.414Z] LOG: Creating a new RabbitMq channel...
[2024-12-20T15:08:05.415Z] LOG: Channel created successfully
[2024-12-20T23:44:33.474Z] LOG: Attempting to connect to RabbitMQ server...
[2024-12-20T23:44:33.486Z] LOG: Creating a new RabbitMq channel...
[2024-12-20T23:44:33.488Z] LOG: Channel created successfully
[2024-12-20T23:44:34.503Z] LOG: Reconnecting to RabbitMq in 5 seconds...
[2024-12-20T23:44:39.513Z] LOG: Attempting to connect to RabbitMQ server...
[2024-12-20T23:44:39.517Z] LOG: Creating a new RabbitMq channel...
[2024-12-20T23:44:39.518Z] LOG: Channel created successfully
[2024-12-20T23:45:36.544Z] LOG: Attempting to connect to RabbitMQ server...
[2024-12-20T23:45:36.552Z] LOG: Creating a new RabbitMq channel...
[2024-12-20T23:45:36.554Z] LOG: Channel created successfully
[2024-12-20T23:45:37.581Z] LOG: Reconnecting to RabbitMq in 5 seconds...
[2024-12-20T23:45:42.588Z] LOG: Attempting to connect to RabbitMQ server...
[2024-12-20T23:45:42.594Z] LOG: Creating a new RabbitMq channel...
[2024-12-20T23:45:42.594Z] LOG: Channel created successfully
[2024-12-20T23:45:54.208Z] LOG: Attempting to connect to RabbitMQ server...
[2024-12-20T23:45:54.219Z] LOG: Creating a new RabbitMq channel...
[2024-12-20T23:45:54.221Z] LOG: Channel created successfully
[2024-12-20T23:45:55.242Z] LOG: Reconnecting to RabbitMq in 5 seconds...
[2024-12-20T23:46:00.254Z] LOG: Attempting to connect to RabbitMQ server...
[2024-12-20T23:46:00.259Z] LOG: Creating a new RabbitMq channel...
[2024-12-20T23:46:00.260Z] LOG: Channel created successfully
[2024-12-21T18:07:01.720Z] LOG: Attempting to connect to RabbitMQ server...
[2024-12-21T18:07:01.730Z] LOG: Creating a new RabbitMq channel...
[2024-12-21T18:07:01.731Z] LOG: Channel created successfully
[2024-12-21T18:07:02.752Z] LOG: Reconnecting to RabbitMq in 5 seconds...
[2024-12-21T18:07:07.762Z] LOG: Attempting to connect to RabbitMQ server...
[2024-12-21T18:07:07.768Z] LOG: Creating a new RabbitMq channel...
[2024-12-21T18:07:07.769Z] LOG: Channel created successfully
[2024-12-21T18:13:01.876Z] LOG: Attempting to connect to RabbitMQ server...
[2024-12-21T18:13:01.883Z] LOG: Creating a new RabbitMq channel...
[2024-12-21T18:13:01.885Z] LOG: Channel created successfully
[2024-12-21T18:13:02.902Z] LOG: Reconnecting to RabbitMq in 5 seconds...
[2024-12-21T18:13:07.902Z] LOG: Attempting to connect to RabbitMQ server...
[2024-12-21T18:13:07.912Z] LOG: Creating a new RabbitMq channel...
[2024-12-21T18:13:07.913Z] LOG: Channel created successfully
[2024-12-21T18:15:01.887Z] LOG: Attempting to connect to RabbitMQ server...
[2024-12-21T18:15:01.894Z] LOG: Creating a new RabbitMq channel...
[2024-12-21T18:15:01.896Z] LOG: Channel created successfully
[2024-12-21T18:15:02.915Z] LOG: Reconnecting to RabbitMq in 5 seconds...
[2024-12-21T18:15:07.924Z] LOG: Attempting to connect to RabbitMQ server...
[2024-12-21T18:15:07.935Z] LOG: Creating a new RabbitMq channel...
[2024-12-21T18:15:07.935Z] LOG: Channel created successfully
[2024-12-22T17:55:07.729Z] LOG: Attempting to connect to RabbitMQ server...
[2024-12-22T17:55:07.740Z] LOG: Creating a new RabbitMq channel...
[2024-12-22T17:55:07.741Z] LOG: Channel created successfully
[2024-12-22T17:55:07.742Z] LOG: Notification sent to Test 2
[2024-12-22T17:55:08.759Z] LOG: Reconnecting to RabbitMq in 5 seconds...
[2024-12-22T17:55:13.765Z] LOG: Attempting to connect to RabbitMQ server...
[2024-12-22T17:55:13.772Z] LOG: Creating a new RabbitMq channel...
[2024-12-22T17:55:13.772Z] LOG: Channel created successfully
[2024-12-22T17:56:52.776Z] LOG: Attempting to connect to RabbitMQ server...
[2024-12-22T17:56:52.783Z] LOG: Creating a new RabbitMq channel...
[2024-12-22T17:56:52.785Z] LOG: Channel created successfully
[2024-12-22T17:56:52.786Z] LOG: Notification sent to Test 1
[2024-12-22T17:56:53.792Z] LOG: Reconnecting to RabbitMq in 5 seconds...
[2024-12-22T17:56:58.804Z] LOG: Attempting to connect to RabbitMQ server...
[2024-12-22T17:56:58.809Z] LOG: Creating a new RabbitMq channel...
[2024-12-22T17:56:58.810Z] LOG: Channel created successfully
[2024-12-22T17:58:29.206Z] LOG: Attempting to connect to RabbitMQ server...
[2024-12-22T17:58:29.214Z] LOG: Creating a new RabbitMq channel...
[2024-12-22T17:58:29.215Z] LOG: Channel created successfully
[2024-12-22T17:58:29.216Z] LOG: Notification sent to Test 2
[2024-12-22T17:58:30.225Z] LOG: Reconnecting to RabbitMq in 5 seconds...
[2024-12-22T17:58:35.231Z] LOG: Attempting to connect to RabbitMQ server...
[2024-12-22T17:58:35.236Z] LOG: Creating a new RabbitMq channel...
[2024-12-22T17:58:35.237Z] LOG: Channel created successfully
[2024-12-22T18:03:09.296Z] LOG: Attempting to connect to RabbitMQ server...
[2024-12-22T18:03:09.303Z] LOG: Creating a new RabbitMq channel...
[2024-12-22T18:03:09.305Z] LOG: Channel created successfully
[2024-12-22T18:03:09.306Z] LOG: Notification sent to Test 1
[2024-12-22T18:03:10.322Z] LOG: Reconnecting to RabbitMq in 5 seconds...
[2024-12-22T18:03:15.324Z] LOG: Attempting to connect to RabbitMQ server...
[2024-12-22T18:03:15.332Z] LOG: Creating a new RabbitMq channel...
[2024-12-22T18:03:15.333Z] LOG: Channel created successfully
[2024-12-22T18:04:08.772Z] LOG: Attempting to connect to RabbitMQ server...
[2024-12-22T18:04:08.780Z] LOG: Creating a new RabbitMq channel...
[2024-12-22T18:04:08.781Z] LOG: Channel created successfully
[2024-12-22T18:04:08.782Z] LOG: Notification sent to Test 3
[2024-12-22T18:04:09.802Z] LOG: Reconnecting to RabbitMq in 5 seconds...
[2024-12-22T18:04:14.802Z] LOG: Attempting to connect to RabbitMQ server...
[2024-12-22T18:04:14.811Z] LOG: Creating a new RabbitMq channel...
[2024-12-22T18:04:14.812Z] LOG: Channel created successfully
[2024-12-22T18:08:26.213Z] LOG: Attempting to connect to RabbitMQ server...
[2024-12-22T18:08:26.220Z] LOG: Creating a new RabbitMq channel...
[2024-12-22T18:08:26.222Z] LOG: Channel created successfully
[2024-12-22T18:08:26.223Z] LOG: Notification sent to Test 5
[2024-12-22T18:08:27.238Z] LOG: Reconnecting to RabbitMq in 5 seconds...
[2024-12-22T18:08:32.239Z] LOG: Attempting to connect to RabbitMQ server...
[2024-12-22T18:08:32.248Z] LOG: Creating a new RabbitMq channel...
[2024-12-22T18:08:32.249Z] LOG: Channel created successfully
[2024-12-22T18:09:47.216Z] LOG: Reconnecting to RabbitMq in 5 seconds...
[2024-12-22T18:09:52.232Z] LOG: Attempting to connect to RabbitMQ server...
[2024-12-22T18:09:52.237Z] LOG: Creating a new RabbitMq channel...
[2024-12-22T18:09:52.238Z] LOG: Channel created successfully
[2024-12-23T07:53:40.400Z] LOG: Reconnecting to RabbitMq in 5 seconds...
[2024-12-23T07:53:40.401Z] LOG: Reconnecting to RabbitMq in 5 seconds...
[2024-12-23T07:53:45.402Z] LOG: Attempting to connect to RabbitMQ server...
[2024-12-23T07:53:45.403Z] LOG: Attempting to connect to RabbitMQ server...
[2024-12-23T07:53:45.492Z] LOG: Creating a new RabbitMq channel...
[2024-12-23T07:53:45.493Z] LOG: Creating a new RabbitMq channel...
[2024-12-23T07:53:45.494Z] LOG: Channel created successfully
[2024-12-23T07:53:45.494Z] LOG: Channel created successfully
[2024-12-23T08:17:58.042Z] LOG: Attempting to connect to RabbitMQ server...
[2024-12-23T08:17:58.055Z] LOG: Creating a new RabbitMq channel...
[2024-12-23T08:17:58.056Z] LOG: Channel created successfully
[2024-12-23T08:17:59.070Z] LOG: Reconnecting to RabbitMq in 5 seconds...
[2024-12-23T08:18:04.079Z] LOG: Attempting to connect to RabbitMQ server...
[2024-12-23T08:18:04.085Z] LOG: Creating a new RabbitMq channel...
[2024-12-23T08:18:04.085Z] LOG: Channel created successfully
[2024-12-23T08:29:59.289Z] LOG: Attempting to connect to RabbitMQ server...
[2024-12-23T08:29:59.297Z] LOG: Creating a new RabbitMq channel...
[2024-12-23T08:29:59.299Z] LOG: Channel created successfully
[2024-12-23T08:30:00.305Z] LOG: Reconnecting to RabbitMq in 5 seconds...
[2024-12-23T08:30:25.329Z] LOG: Attempting to connect to RabbitMQ server...
[2024-12-23T08:30:25.337Z] LOG: Creating a new RabbitMq channel...
[2024-12-23T08:30:25.339Z] LOG: Channel created successfully
[2024-12-23T08:30:26.351Z] LOG: Reconnecting to RabbitMq in 5 seconds...
[2024-12-23T08:30:31.367Z] LOG: Attempting to connect to RabbitMQ server...
[2024-12-23T08:30:31.372Z] LOG: Creating a new RabbitMq channel...
[2024-12-23T08:30:31.373Z] LOG: Channel created successfully
[2024-12-23T09:01:56.261Z] LOG: Attempting to connect to RabbitMQ server...
[2024-12-23T09:01:56.269Z] LOG: Creating a new RabbitMq channel...
[2024-12-23T09:01:56.270Z] LOG: Channel created successfully
[2024-12-23T09:01:57.282Z] LOG: Reconnecting to RabbitMq in 5 seconds...
[2024-12-23T09:02:02.293Z] LOG: Attempting to connect to RabbitMQ server...
[2024-12-23T09:02:02.299Z] LOG: Creating a new RabbitMq channel...
[2024-12-23T09:02:02.299Z] LOG: Channel created successfully
[2024-12-23T09:03:16.298Z] LOG: Attempting to connect to RabbitMQ server...
[2024-12-23T09:03:16.305Z] LOG: Creating a new RabbitMq channel...
[2024-12-23T09:03:16.307Z] LOG: Channel created successfully
[2024-12-23T09:03:17.323Z] LOG: Reconnecting to RabbitMq in 5 seconds...
[2024-12-23T09:03:22.331Z] LOG: Attempting to connect to RabbitMQ server...
[2024-12-23T09:03:22.336Z] LOG: Creating a new RabbitMq channel...
[2024-12-23T09:03:22.337Z] LOG: Channel created successfully
[2024-12-23T09:03:58.741Z] LOG: Attempting to connect to RabbitMQ server...
[2024-12-23T09:03:58.749Z] LOG: Creating a new RabbitMq channel...
[2024-12-23T09:03:58.750Z] LOG: Channel created successfully
[2024-12-23T09:03:59.762Z] LOG: Reconnecting to RabbitMq in 5 seconds...
[2024-12-23T09:04:04.767Z] LOG: Attempting to connect to RabbitMQ server...
[2024-12-23T09:04:04.773Z] LOG: Creating a new RabbitMq channel...
[2024-12-23T09:04:04.774Z] LOG: Channel created successfully
[2024-12-23T09:04:28.192Z] LOG: Attempting to connect to RabbitMQ server...
[2024-12-23T09:04:28.200Z] LOG: Creating a new RabbitMq channel...
[2024-12-23T09:04:28.201Z] LOG: Channel created successfully
[2024-12-23T09:04:29.214Z] LOG: Reconnecting to RabbitMq in 5 seconds...
[2024-12-23T09:04:34.223Z] LOG: Attempting to connect to RabbitMQ server...
[2024-12-23T09:04:34.228Z] LOG: Creating a new RabbitMq channel...
[2024-12-23T09:04:34.229Z] LOG: Channel created successfully
[2024-12-23T09:16:19.407Z] LOG: Attempting to connect to RabbitMQ server...
[2024-12-23T09:16:19.416Z] LOG: Creating a new RabbitMq channel...
[2024-12-23T09:16:19.417Z] LOG: Channel created successfully
[2024-12-23T09:16:19.418Z] LOG: Notification sent to Test 4
[2024-12-23T09:16:20.442Z] LOG: Reconnecting to RabbitMq in 5 seconds...
[2024-12-23T09:16:25.449Z] LOG: Attempting to connect to RabbitMQ server...
[2024-12-23T09:16:25.453Z] LOG: Creating a new RabbitMq channel...
[2024-12-23T09:16:25.454Z] LOG: Channel created successfully
[2024-12-23T09:16:46.226Z] LOG: Attempting to connect to RabbitMQ server...
[2024-12-23T09:16:46.234Z] LOG: Creating a new RabbitMq channel...
[2024-12-23T09:16:46.235Z] LOG: Channel created successfully
[2024-12-23T09:16:46.236Z] LOG: Notification sent to Test 2
[2024-12-23T09:16:47.253Z] LOG: Reconnecting to RabbitMq in 5 seconds...
[2024-12-23T09:16:52.262Z] LOG: Attempting to connect to RabbitMQ server...
[2024-12-23T09:16:52.267Z] LOG: Creating a new RabbitMq channel...
[2024-12-23T09:16:52.268Z] LOG: Channel created successfully
[2024-12-23T09:19:22.695Z] LOG: Attempting to connect to RabbitMQ server...
[2024-12-23T09:19:22.702Z] LOG: Creating a new RabbitMq channel...
[2024-12-23T09:19:22.704Z] LOG: Channel created successfully
[2024-12-23T09:19:22.705Z] LOG: Notification sent to Test 4
[2024-12-23T09:19:23.710Z] LOG: Reconnecting to RabbitMq in 5 seconds...
[2024-12-23T09:19:28.716Z] LOG: Attempting to connect to RabbitMQ server...
[2024-12-23T09:19:28.721Z] LOG: Creating a new RabbitMq channel...
[2024-12-23T09:19:28.722Z] LOG: Channel created successfully
[2024-12-23T09:20:25.129Z] LOG: Attempting to connect to RabbitMQ server...
[2024-12-23T09:20:25.137Z] LOG: Creating a new RabbitMq channel...
[2024-12-23T09:20:25.138Z] LOG: Channel created successfully
[2024-12-23T09:20:25.139Z] LOG: Notification sent to Test 5
[2024-12-23T09:20:26.160Z] LOG: Reconnecting to RabbitMq in 5 seconds...
[2024-12-23T09:20:31.172Z] LOG: Attempting to connect to RabbitMQ server...
[2024-12-23T09:20:31.177Z] LOG: Creating a new RabbitMq channel...
[2024-12-23T09:20:31.178Z] LOG: Channel created successfully
[2024-12-23T09:21:31.259Z] LOG: Attempting to connect to RabbitMQ server...
[2024-12-23T09:21:31.267Z] LOG: Creating a new RabbitMq channel...
[2024-12-23T09:21:31.268Z] LOG: Channel created successfully
[2024-12-23T09:21:31.270Z] LOG: Notification sent to Test 1
[2024-12-23T09:21:32.274Z] LOG: Reconnecting to RabbitMq in 5 seconds...
[2024-12-23T09:21:37.279Z] LOG: Attempting to connect to RabbitMQ server...
[2024-12-23T09:21:37.284Z] LOG: Creating a new RabbitMq channel...
[2024-12-23T09:21:37.284Z] LOG: Channel created successfully
[2024-12-23T18:06:43.869Z] LOG: Attempting to connect to RabbitMQ server...
[2024-12-23T18:06:43.882Z] LOG: Creating a new RabbitMq channel...
[2024-12-23T18:06:43.883Z] LOG: Channel created successfully
[2024-12-23T18:06:48.896Z] LOG: Trying to send the message to the queue again...
[2024-12-23T18:06:53.897Z] LOG: Trying to send the message to the queue again...
[2024-12-23T18:06:58.913Z] LOG: Trying to send the message to the queue again...
[2024-12-23T18:07:03.923Z] LOG: Trying to send the message to the queue again...
[2024-12-23T18:07:08.929Z] LOG: Trying to send the message to the queue again...
[2024-12-23T18:07:13.935Z] LOG: Trying to send the message to the queue again...
[2024-12-23T18:07:18.949Z] LOG: Trying to send the message to the queue again...
[2024-12-23T18:07:23.952Z] LOG: Trying to send the message to the queue again...
[2024-12-23T18:07:28.962Z] LOG: Trying to send the message to the queue again...
[2024-12-23T18:07:33.971Z] LOG: Trying to send the message to the queue again...
[2024-12-23T18:07:38.985Z] LOG: Trying to send the message to the queue again...
[2024-12-23T18:07:43.993Z] LOG: Trying to send the message to the queue again...
[2024-12-23T18:07:48.994Z] LOG: Trying to send the message to the queue again...
[2024-12-23T18:07:53.999Z] LOG: Trying to send the message to the queue again...
[2024-12-23T18:07:59.007Z] LOG: Trying to send the message to the queue again...
[2024-12-23T18:08:04.030Z] LOG: Trying to send the message to the queue again...
[2024-12-23T18:10:56.296Z] LOG: Attempting to connect to RabbitMQ server...
[2024-12-23T18:10:56.305Z] LOG: Creating a new RabbitMq channel...
[2024-12-23T18:10:56.306Z] LOG: Channel created successfully
[2024-12-23T18:11:01.309Z] LOG: Trying to send the message to the queue again...
[2024-12-23T18:11:06.312Z] LOG: Trying to send the message to the queue again...
[2024-12-23T18:11:11.320Z] LOG: Trying to send the message to the queue again...
[2024-12-23T18:11:16.332Z] LOG: Trying to send the message to the queue again...
[2024-12-23T18:11:21.341Z] LOG: Trying to send the message to the queue again...
[2024-12-23T18:11:26.343Z] LOG: Trying to send the message to the queue again...
[2024-12-23T18:11:31.359Z] LOG: Trying to send the message to the queue again...
[2024-12-23T18:11:36.383Z] LOG: Trying to send the message to the queue again...
[2024-12-23T18:11:41.391Z] LOG: Trying to send the message to the queue again...
[2024-12-23T18:11:46.398Z] LOG: Trying to send the message to the queue again...
[2024-12-23T18:11:51.404Z] LOG: Trying to send the message to the queue again...
[2024-12-23T18:11:56.416Z] LOG: Trying to send the message to the queue again...
[2024-12-23T18:12:01.432Z] LOG: Trying to send the message to the queue again...
[2024-12-23T18:12:14.236Z] LOG: Attempting to connect to RabbitMQ server...
[2024-12-23T18:12:14.247Z] LOG: Creating a new RabbitMq channel...
[2024-12-23T18:12:14.249Z] LOG: Channel created successfully
[2024-12-23T18:12:15.262Z] LOG: Reconnecting to RabbitMq in 5 seconds...
[2024-12-23T18:12:20.266Z] LOG: Attempting to connect to RabbitMQ server...
[2024-12-23T18:12:20.271Z] LOG: Creating a new RabbitMq channel...
[2024-12-23T18:12:20.272Z] LOG: Channel created successfully
[2024-12-23T18:16:12.203Z] LOG: Attempting to connect to RabbitMQ server...
[2024-12-23T18:16:12.214Z] LOG: Creating a new RabbitMq channel...
[2024-12-23T18:16:12.216Z] LOG: Channel created successfully
[2024-12-23T18:16:13.225Z] LOG: Reconnecting to RabbitMq in 5 seconds...
[2024-12-23T18:16:18.229Z] LOG: Attempting to connect to RabbitMQ server...
[2024-12-23T18:16:18.238Z] LOG: Creating a new RabbitMq channel...
[2024-12-23T18:16:18.239Z] LOG: Channel created successfully
[2024-12-23T18:17:52.792Z] LOG: Attempting to connect to RabbitMQ server...
[2024-12-23T18:17:52.803Z] LOG: Creating a new RabbitMq channel...
[2024-12-23T18:17:52.805Z] LOG: Channel created successfully
[2024-12-23T18:17:53.815Z] LOG: Reconnecting to RabbitMq in 5 seconds...
[2024-12-23T18:17:58.829Z] LOG: Attempting to connect to RabbitMQ server...
[2024-12-23T18:17:58.835Z] LOG: Creating a new RabbitMq channel...
[2024-12-23T18:17:58.835Z] LOG: Channel created successfully
[2024-12-29T13:27:19.001Z] LOG: Attempting to connect to RabbitMQ server...
[2024-12-29T13:27:19.010Z] LOG: Creating a new RabbitMq channel...
[2024-12-29T13:27:19.011Z] LOG: Channel created successfully
[2024-12-29T13:27:20.019Z] LOG: Reconnecting to RabbitMq in 5 seconds...
[2024-12-29T13:27:25.025Z] LOG: Attempting to connect to RabbitMQ server...
[2024-12-29T13:27:25.030Z] LOG: Creating a new RabbitMq channel...
[2024-12-29T13:27:25.031Z] LOG: Channel created successfully
[2024-12-29T13:28:15.815Z] LOG: Reconnecting to RabbitMq in 5 seconds...
[2024-12-29T13:31:17.863Z] LOG: Attempting to connect to RabbitMQ server...
[2024-12-29T13:31:17.870Z] LOG: Creating a new RabbitMq channel...
[2024-12-29T13:31:17.871Z] LOG: Channel created successfully
[2024-12-29T13:31:18.891Z] LOG: Reconnecting to RabbitMq in 5 seconds...
[2024-12-29T13:31:23.892Z] LOG: Attempting to connect to RabbitMQ server...
[2024-12-29T13:31:23.897Z] LOG: Creating a new RabbitMq channel...
[2024-12-29T13:31:23.898Z] LOG: Channel created successfully
[2024-12-29T13:32:15.209Z] LOG: Attempting to connect to RabbitMQ server...
[2024-12-29T13:32:15.217Z] LOG: Creating a new RabbitMq channel...
[2024-12-29T13:32:15.219Z] LOG: Channel created successfully
[2024-12-29T13:32:16.227Z] LOG: Reconnecting to RabbitMq in 5 seconds...
[2024-12-29T13:32:21.235Z] LOG: Attempting to connect to RabbitMQ server...
[2024-12-29T13:32:21.240Z] LOG: Creating a new RabbitMq channel...
[2024-12-29T13:32:21.240Z] LOG: Channel created successfully
[2024-12-29T13:32:57.224Z] LOG: Attempting to connect to RabbitMQ server...
[2024-12-29T13:32:57.231Z] LOG: Creating a new RabbitMq channel...
[2024-12-29T13:32:57.232Z] LOG: Channel created successfully
[2024-12-29T13:32:58.241Z] LOG: Reconnecting to RabbitMq in 5 seconds...
[2024-12-29T13:33:03.251Z] LOG: Attempting to connect to RabbitMQ server...
[2024-12-29T13:33:03.256Z] LOG: Creating a new RabbitMq channel...
[2024-12-29T13:33:03.257Z] LOG: Channel created successfully
[2024-12-29T13:33:41.382Z] LOG: Attempting to connect to RabbitMQ server...
[2024-12-29T13:33:41.389Z] LOG: Creating a new RabbitMq channel...
[2024-12-29T13:33:41.390Z] LOG: Channel created successfully
[2024-12-29T13:33:42.411Z] LOG: Reconnecting to RabbitMq in 5 seconds...
[2024-12-29T13:33:47.420Z] LOG: Attempting to connect to RabbitMQ server...
[2024-12-29T13:33:47.424Z] LOG: Creating a new RabbitMq channel...
[2024-12-29T13:33:47.425Z] LOG: Channel created successfully
[2024-12-29T13:34:16.380Z] LOG: Attempting to connect to RabbitMQ server...
[2024-12-29T13:34:16.387Z] LOG: Creating a new RabbitMq channel...
[2024-12-29T13:34:16.389Z] LOG: Channel created successfully
[2024-12-29T13:34:17.398Z] LOG: Reconnecting to RabbitMq in 5 seconds...
[2024-12-29T13:34:22.404Z] LOG: Attempting to connect to RabbitMQ server...
[2024-12-29T13:34:22.412Z] LOG: Creating a new RabbitMq channel...
[2024-12-29T13:34:22.413Z] LOG: Channel created successfully
[2024-12-29T13:34:32.727Z] LOG: Attempting to connect to RabbitMQ server...
[2024-12-29T13:34:32.735Z] LOG: Creating a new RabbitMq channel...
[2024-12-29T13:34:32.736Z] LOG: Channel created successfully
[2024-12-29T13:34:33.755Z] LOG: Reconnecting to RabbitMq in 5 seconds...
[2024-12-29T13:34:38.768Z] LOG: Attempting to connect to RabbitMQ server...
[2024-12-29T13:34:38.773Z] LOG: Creating a new RabbitMq channel...
[2024-12-29T13:34:38.774Z] LOG: Channel created successfully
[2024-12-29T13:35:10.208Z] LOG: Attempting to connect to RabbitMQ server...
[2024-12-29T13:35:10.216Z] LOG: Creating a new RabbitMq channel...
[2024-12-29T13:35:10.217Z] LOG: Channel created successfully
[2024-12-29T13:35:11.231Z] LOG: Reconnecting to RabbitMq in 5 seconds...
[2024-12-29T13:35:16.242Z] LOG: Attempting to connect to RabbitMQ server...
[2024-12-29T13:35:16.247Z] LOG: Creating a new RabbitMq channel...
[2024-12-29T13:35:16.248Z] LOG: Channel created successfully
[2024-12-29T13:36:20.310Z] LOG: Attempting to connect to RabbitMQ server...
[2024-12-29T13:36:20.317Z] LOG: Creating a new RabbitMq channel...
[2024-12-29T13:36:20.318Z] LOG: Channel created successfully
[2024-12-29T13:36:21.330Z] LOG: Reconnecting to RabbitMq in 5 seconds...
[2024-12-29T13:36:26.341Z] LOG: Attempting to connect to RabbitMQ server...
[2024-12-29T13:36:26.346Z] LOG: Creating a new RabbitMq channel...
[2024-12-29T13:36:26.347Z] LOG: Channel created successfully
[2024-12-29T13:36:54.686Z] LOG: Attempting to connect to RabbitMQ server...
[2024-12-29T13:36:54.693Z] LOG: Creating a new RabbitMq channel...
[2024-12-29T13:36:54.694Z] LOG: Channel created successfully
[2024-12-29T13:36:55.702Z] LOG: Reconnecting to RabbitMq in 5 seconds...
[2024-12-29T13:37:00.703Z] LOG: Attempting to connect to RabbitMQ server...
[2024-12-29T13:37:00.708Z] LOG: Creating a new RabbitMq channel...
[2024-12-29T13:37:00.708Z] LOG: Channel created successfully
[2024-12-29T14:24:56.301Z] LOG: Attempting to connect to RabbitMQ server...
[2024-12-29T14:24:56.308Z] LOG: Creating a new RabbitMq channel...
[2024-12-29T14:24:56.310Z] LOG: Channel created successfully
[2024-12-29T14:24:57.327Z] LOG: Reconnecting to RabbitMq in 5 seconds...
[2024-12-29T14:25:02.335Z] LOG: Attempting to connect to RabbitMQ server...
[2024-12-29T14:25:02.340Z] LOG: Creating a new RabbitMq channel...
[2024-12-29T14:25:02.340Z] LOG: Channel created successfully
[2024-12-29T14:25:09.345Z] LOG: Reconnecting to RabbitMq in 5 seconds...
[2024-12-29T14:25:14.345Z] LOG: Attempting to connect to RabbitMQ server...
[2024-12-29T14:25:14.351Z] LOG: Creating a new RabbitMq channel...
[2024-12-29T14:25:14.352Z] LOG: Channel created successfully
[2024-12-29T14:26:19.202Z] LOG: Reconnecting to RabbitMq in 5 seconds...
[2024-12-29T14:26:24.213Z] LOG: Attempting to connect to RabbitMQ server...
[2024-12-29T14:26:24.218Z] LOG: Creating a new RabbitMq channel...
[2024-12-29T14:26:24.218Z] LOG: Channel created successfully
[2024-12-29T14:26:29.073Z] LOG: Reconnecting to RabbitMq in 5 seconds...
[2024-12-29T14:26:34.078Z] LOG: Attempting to connect to RabbitMQ server...
[2024-12-29T14:26:34.083Z] LOG: Creating a new RabbitMq channel...
[2024-12-29T14:26:34.083Z] LOG: Channel created successfully
[2024-12-29T14:26:51.799Z] LOG: Attempting to connect to RabbitMQ server...
[2024-12-29T14:26:51.806Z] LOG: Creating a new RabbitMq channel...
[2024-12-29T14:26:51.808Z] LOG: Channel created successfully
[2024-12-29T14:26:52.813Z] LOG: Reconnecting to RabbitMq in 5 seconds...
[2024-12-29T14:26:57.828Z] LOG: Attempting to connect to RabbitMQ server...
[2024-12-29T14:26:57.833Z] LOG: Creating a new RabbitMq channel...
[2024-12-29T14:26:57.834Z] LOG: Channel created successfully
[2024-12-29T14:27:31.977Z] LOG: Reconnecting to RabbitMq in 5 seconds...
[2024-12-29T14:27:36.988Z] LOG: Attempting to connect to RabbitMQ server...
[2024-12-29T14:27:36.992Z] LOG: Creating a new RabbitMq channel...
[2024-12-29T14:27:36.993Z] LOG: Channel created successfully
[2024-12-29T14:27:47.268Z] LOG: Reconnecting to RabbitMq in 5 seconds...
[2024-12-29T14:27:52.283Z] LOG: Attempting to connect to RabbitMQ server...
[2024-12-29T14:27:52.288Z] LOG: Creating a new RabbitMq channel...
[2024-12-29T14:27:52.289Z] LOG: Channel created successfully
[2025-01-01T09:57:38.044Z] LOG: Attempting to connect to RabbitMQ server...
[2025-01-01T09:57:38.053Z] LOG: Creating a new RabbitMq channel...
[2025-01-01T09:57:38.055Z] LOG: Channel created successfully
[2025-01-01T09:57:39.062Z] LOG: Reconnecting to RabbitMq in 5 seconds...
[2025-01-01T09:57:44.068Z] LOG: Attempting to connect to RabbitMQ server...
[2025-01-01T09:57:44.072Z] LOG: Creating a new RabbitMq channel...
[2025-01-01T09:57:44.073Z] LOG: Channel created successfully
[2025-01-01T09:58:51.357Z] LOG: Reconnecting to RabbitMq in 5 seconds...
[2025-01-01T09:58:56.358Z] LOG: Attempting to connect to RabbitMQ server...
[2025-01-01T09:58:56.362Z] LOG: Creating a new RabbitMq channel...
[2025-01-01T09:58:56.363Z] LOG: Channel created successfully
[2025-01-01T09:59:46.134Z] LOG: Reconnecting to RabbitMq in 5 seconds...
[2025-01-01T09:59:51.144Z] LOG: Attempting to connect to RabbitMQ server...
[2025-01-01T09:59:51.149Z] LOG: Creating a new RabbitMq channel...
[2025-01-01T09:59:51.150Z] LOG: Channel created successfully
[2025-01-01T10:00:15.832Z] LOG: Reconnecting to RabbitMq in 5 seconds...
[2025-01-01T10:00:20.835Z] LOG: Attempting to connect to RabbitMQ server...
[2025-01-01T10:00:20.841Z] LOG: Creating a new RabbitMq channel...
[2025-01-01T10:00:20.841Z] LOG: Channel created successfully
[2025-01-01T10:01:37.431Z] LOG: Reconnecting to RabbitMq in 5 seconds...
[2025-01-01T10:01:42.445Z] LOG: Attempting to connect to RabbitMQ server...
[2025-01-01T10:01:42.453Z] LOG: Creating a new RabbitMq channel...
[2025-01-01T10:01:42.453Z] LOG: Channel created successfully
[2025-01-01T10:11:15.883Z] LOG: Attempting to connect to RabbitMQ server...
[2025-01-01T10:11:15.894Z] LOG: Creating a new RabbitMq channel...
[2025-01-01T10:11:15.895Z] LOG: Channel created successfully
[2025-01-01T10:11:16.908Z] LOG: Reconnecting to RabbitMq in 5 seconds...
[2025-01-01T10:11:21.911Z] LOG: Attempting to connect to RabbitMQ server...
[2025-01-01T10:11:21.915Z] LOG: Creating a new RabbitMq channel...
[2025-01-01T10:11:21.916Z] LOG: Channel created successfully
[2025-01-01T10:12:04.238Z] LOG: Reconnecting to RabbitMq in 5 seconds...
[2025-01-01T10:12:09.242Z] LOG: Attempting to connect to RabbitMQ server...
[2025-01-01T10:12:09.247Z] LOG: Creating a new RabbitMq channel...
[2025-01-01T10:12:09.248Z] LOG: Channel created successfully
[2025-01-01T10:12:22.877Z] LOG: Reconnecting to RabbitMq in 5 seconds...
[2025-01-01T10:12:27.890Z] LOG: Attempting to connect to RabbitMQ server...
[2025-01-01T10:12:27.895Z] LOG: Creating a new RabbitMq channel...
[2025-01-01T10:12:27.895Z] LOG: Channel created successfully
[2025-01-01T10:13:53.393Z] LOG: Reconnecting to RabbitMq in 5 seconds...
[2025-01-01T10:13:58.398Z] LOG: Attempting to connect to RabbitMQ server...
[2025-01-01T10:13:58.403Z] LOG: Creating a new RabbitMq channel...
[2025-01-01T10:13:58.404Z] LOG: Channel created successfully
[2025-01-01T10:14:15.213Z] LOG: Reconnecting to RabbitMq in 5 seconds...
[2025-01-01T10:14:20.217Z] LOG: Attempting to connect to RabbitMQ server...
[2025-01-01T10:14:20.222Z] LOG: Creating a new RabbitMq channel...
[2025-01-01T10:14:20.223Z] LOG: Channel created successfully
[2025-01-01T10:14:45.166Z] LOG: Attempting to connect to RabbitMQ server...
[2025-01-01T10:14:45.178Z] LOG: Creating a new RabbitMq channel...
[2025-01-01T10:14:45.179Z] LOG: Channel created successfully
[2025-01-01T10:14:46.194Z] LOG: Reconnecting to RabbitMq in 5 seconds...
[2025-01-01T10:14:51.195Z] LOG: Attempting to connect to RabbitMQ server...
[2025-01-01T10:14:51.201Z] LOG: Creating a new RabbitMq channel...
[2025-01-01T10:14:51.202Z] LOG: Channel created successfully
[2025-01-01T10:15:32.641Z] LOG: Attempting to connect to RabbitMQ server...
[2025-01-01T10:15:32.651Z] LOG: Creating a new RabbitMq channel...
[2025-01-01T10:15:32.653Z] LOG: Channel created successfully
[2025-01-01T10:15:33.662Z] LOG: Reconnecting to RabbitMq in 5 seconds...
[2025-01-01T10:15:38.665Z] LOG: Attempting to connect to RabbitMQ server...
[2025-01-01T10:15:38.670Z] LOG: Creating a new RabbitMq channel...
[2025-01-01T10:15:38.671Z] LOG: Channel created successfully
[2025-01-01T10:45:30.855Z] LOG: Reconnecting to RabbitMq in 5 seconds...
[2025-01-01T10:45:30.861Z] LOG: Reconnecting to RabbitMq in 5 seconds...
[2025-01-01T10:45:35.859Z] LOG: Attempting to connect to RabbitMQ server...
[2025-01-01T10:45:35.863Z] LOG: Attempting to connect to RabbitMQ server...
[2025-01-01T10:45:35.901Z] LOG: Creating a new RabbitMq channel...
[2025-01-01T10:45:35.903Z] LOG: Creating a new RabbitMq channel...
[2025-01-01T10:45:35.906Z] LOG: Channel created successfully
[2025-01-01T10:45:35.906Z] LOG: Channel created successfully
[2025-01-02T09:51:16.262Z] LOG: Attempting to connect to RabbitMQ server...
[2025-01-02T09:51:16.273Z] LOG: Creating a new RabbitMq channel...
[2025-01-02T09:51:16.275Z] LOG: Channel created successfully
[2025-01-02T09:51:17.288Z] LOG: Reconnecting to RabbitMq in 5 seconds...
[2025-01-02T09:51:22.291Z] LOG: Attempting to connect to RabbitMQ server...
[2025-01-02T09:51:22.298Z] LOG: Creating a new RabbitMq channel...
[2025-01-02T09:51:22.299Z] LOG: Channel created successfully
[2025-01-02T09:52:07.451Z] LOG: Reconnecting to RabbitMq in 5 seconds...
[2025-01-02T09:52:12.457Z] LOG: Attempting to connect to RabbitMQ server...
[2025-01-02T09:52:12.461Z] LOG: Creating a new RabbitMq channel...
[2025-01-02T09:52:12.462Z] LOG: Channel created successfully
[2025-01-02T09:54:24.027Z] LOG: Attempting to connect to RabbitMQ server...
[2025-01-02T09:54:24.038Z] LOG: Creating a new RabbitMq channel...
[2025-01-02T09:54:24.039Z] LOG: Channel created successfully
[2025-01-02T09:54:25.048Z] LOG: Reconnecting to RabbitMq in 5 seconds...
[2025-01-02T09:54:30.061Z] LOG: Attempting to connect to RabbitMQ server...
[2025-01-02T09:54:30.066Z] LOG: Creating a new RabbitMq channel...
[2025-01-02T09:54:30.067Z] LOG: Channel created successfully
[2025-01-02T10:02:13.038Z] LOG: Attempting to connect to RabbitMQ server...
[2025-01-02T10:02:13.050Z] LOG: Creating a new RabbitMq channel...
[2025-01-02T10:02:13.051Z] LOG: Channel created successfully
[2025-01-02T10:02:14.063Z] LOG: Reconnecting to RabbitMq in 5 seconds...
[2025-01-02T10:02:19.070Z] LOG: Attempting to connect to RabbitMQ server...
[2025-01-02T10:02:19.076Z] LOG: Creating a new RabbitMq channel...
[2025-01-02T10:02:19.077Z] LOG: Channel created successfully
[2025-01-02T10:04:48.967Z] LOG: Reconnecting to RabbitMq in 5 seconds...
[2025-01-02T10:04:53.978Z] LOG: Attempting to connect to RabbitMQ server...
[2025-01-02T10:04:53.983Z] LOG: Creating a new RabbitMq channel...
[2025-01-02T10:04:53.983Z] LOG: Channel created successfully
[2025-01-02T10:05:26.311Z] LOG: Reconnecting to RabbitMq in 5 seconds...
[2025-01-02T10:05:31.320Z] LOG: Attempting to connect to RabbitMQ server...
[2025-01-02T10:05:31.323Z] LOG: Creating a new RabbitMq channel...
[2025-01-02T10:05:31.324Z] LOG: Channel created successfully
[2025-01-02T10:06:21.383Z] LOG: Reconnecting to RabbitMq in 5 seconds...
[2025-01-02T10:06:26.397Z] LOG: Attempting to connect to RabbitMQ server...
[2025-01-02T10:06:26.401Z] LOG: Creating a new RabbitMq channel...
[2025-01-02T10:06:26.402Z] LOG: Channel created successfully
[2025-01-02T10:06:44.320Z] LOG: Reconnecting to RabbitMq in 5 seconds...
[2025-01-02T10:06:49.321Z] LOG: Attempting to connect to RabbitMQ server...
[2025-01-02T10:06:49.325Z] LOG: Creating a new RabbitMq channel...
[2025-01-02T10:06:49.326Z] LOG: Channel created successfully
[2025-01-02T10:10:34.443Z] LOG: Reconnecting to RabbitMq in 5 seconds...
[2025-01-02T10:10:39.448Z] LOG: Attempting to connect to RabbitMQ server...
[2025-01-02T10:10:39.453Z] LOG: Creating a new RabbitMq channel...
[2025-01-02T10:10:39.453Z] LOG: Channel created successfully
[2025-01-02T10:12:34.160Z] LOG: Reconnecting to RabbitMq in 5 seconds...
[2025-01-02T10:12:39.166Z] LOG: Attempting to connect to RabbitMQ server...
[2025-01-02T10:12:39.170Z] LOG: Creating a new RabbitMq channel...
[2025-01-02T10:12:39.171Z] LOG: Channel created successfully
[2025-01-02T10:12:59.548Z] LOG: Reconnecting to RabbitMq in 5 seconds...
[2025-01-02T10:13:04.550Z] LOG: Attempting to connect to RabbitMQ server...
[2025-01-02T10:13:04.554Z] LOG: Creating a new RabbitMq channel...
[2025-01-02T10:13:04.555Z] LOG: Channel created successfully
[2025-01-02T10:17:01.682Z] LOG: Reconnecting to RabbitMq in 5 seconds...
[2025-01-02T10:17:06.695Z] LOG: Attempting to connect to RabbitMQ server...
[2025-01-02T10:17:06.700Z] LOG: Creating a new RabbitMq channel...
[2025-01-02T10:17:06.700Z] LOG: Channel created successfully
[2025-01-02T10:17:18.674Z] LOG: Reconnecting to RabbitMq in 5 seconds...
[2025-01-02T10:17:23.674Z] LOG: Attempting to connect to RabbitMQ server...
[2025-01-02T10:17:23.678Z] LOG: Creating a new RabbitMq channel...
[2025-01-02T10:17:23.679Z] LOG: Channel created successfully
[2025-01-02T10:17:53.014Z] LOG: Reconnecting to RabbitMq in 5 seconds...
[2025-01-02T10:17:58.020Z] LOG: Attempting to connect to RabbitMQ server...
[2025-01-02T10:17:58.024Z] LOG: Creating a new RabbitMq channel...
[2025-01-02T10:17:58.025Z] LOG: Channel created successfully
[2025-01-02T10:18:10.537Z] LOG: Reconnecting to RabbitMq in 5 seconds...
[2025-01-02T10:18:15.543Z] LOG: Attempting to connect to RabbitMQ server...
[2025-01-02T10:18:15.547Z] LOG: Creating a new RabbitMq channel...
[2025-01-02T10:18:15.548Z] LOG: Channel created successfully
[2025-01-02T10:28:56.372Z] LOG: Reconnecting to RabbitMq in 5 seconds...
[2025-01-02T10:29:01.377Z] LOG: Attempting to connect to RabbitMQ server...
[2025-01-02T10:29:01.381Z] LOG: Creating a new RabbitMq channel...
[2025-01-02T10:29:01.381Z] LOG: Channel created successfully
[2025-01-02T10:31:43.033Z] LOG: Attempting to connect to RabbitMQ server...
[2025-01-02T10:31:43.044Z] LOG: Creating a new RabbitMq channel...
[2025-01-02T10:31:43.046Z] LOG: Channel created successfully
[2025-01-02T10:31:44.058Z] LOG: Reconnecting to RabbitMq in 5 seconds...
[2025-01-02T10:31:49.072Z] LOG: Attempting to connect to RabbitMQ server...
[2025-01-02T10:31:49.077Z] LOG: Creating a new RabbitMq channel...
[2025-01-02T10:31:49.077Z] LOG: Channel created successfully
[2025-01-02T10:32:02.884Z] LOG: Reconnecting to RabbitMq in 5 seconds...
[2025-01-02T10:32:07.900Z] LOG: Attempting to connect to RabbitMQ server...
[2025-01-02T10:32:07.905Z] LOG: Creating a new RabbitMq channel...
[2025-01-02T10:32:07.906Z] LOG: Channel created successfully
[2025-01-02T10:32:29.229Z] LOG: Reconnecting to RabbitMq in 5 seconds...
[2025-01-02T10:32:33.696Z] LOG: Attempting to connect to RabbitMQ server...
[2025-01-02T10:32:33.701Z] LOG: Creating a new RabbitMq channel...
[2025-01-02T10:32:33.701Z] LOG: Channel created successfully
[2025-01-02T10:32:34.235Z] LOG: Channel created successfully
[2025-01-02T10:32:34.705Z] LOG: Reconnecting to RabbitMq in 5 seconds...
[2025-01-02T10:32:39.706Z] LOG: Attempting to connect to RabbitMQ server...
[2025-01-02T10:32:39.710Z] LOG: Creating a new RabbitMq channel...
[2025-01-02T10:32:39.711Z] LOG: Channel created successfully
[2025-01-02T12:23:44.593Z] LOG: Attempting to connect to RabbitMQ server...
[2025-01-02T12:23:44.605Z] LOG: Creating a new RabbitMq channel...
[2025-01-02T12:23:44.606Z] LOG: Channel created successfully
[2025-01-02T12:23:45.618Z] LOG: Reconnecting to RabbitMq in 5 seconds...
[2025-01-02T12:23:50.625Z] LOG: Attempting to connect to RabbitMQ server...
[2025-01-02T12:23:50.629Z] LOG: Creating a new RabbitMq channel...
[2025-01-02T12:23:50.630Z] LOG: Channel created successfully
[2025-01-02T12:25:17.327Z] LOG: Attempting to connect to RabbitMQ server...
[2025-01-02T12:25:17.334Z] LOG: Creating a new RabbitMq channel...
[2025-01-02T12:25:17.336Z] LOG: Channel created successfully
[2025-01-02T12:25:18.345Z] LOG: Reconnecting to RabbitMq in 5 seconds...
[2025-01-02T12:25:23.349Z] LOG: Attempting to connect to RabbitMQ server...
[2025-01-02T12:25:23.353Z] LOG: Creating a new RabbitMq channel...
[2025-01-02T12:25:23.354Z] LOG: Channel created successfully
[2025-01-02T12:25:41.295Z] LOG: Attempting to connect to RabbitMQ server...
[2025-01-02T12:25:41.304Z] LOG: Creating a new RabbitMq channel...
[2025-01-02T12:25:41.305Z] LOG: Channel created successfully
[2025-01-02T12:25:42.317Z] LOG: Reconnecting to RabbitMq in 5 seconds...
[2025-01-02T12:25:56.067Z] LOG: Attempting to connect to RabbitMQ server...
[2025-01-02T12:25:56.075Z] LOG: Creating a new RabbitMq channel...
[2025-01-02T12:25:56.076Z] LOG: Channel created successfully
[2025-01-02T12:25:57.090Z] LOG: Reconnecting to RabbitMq in 5 seconds...
[2025-01-02T12:26:02.095Z] LOG: Attempting to connect to RabbitMQ server...
[2025-01-02T12:26:02.100Z] LOG: Creating a new RabbitMq channel...
[2025-01-02T12:26:02.100Z] LOG: Channel created successfully
[2025-01-02T12:26:23.407Z] LOG: Attempting to connect to RabbitMQ server...
[2025-01-02T12:26:23.414Z] LOG: Creating a new RabbitMq channel...
[2025-01-02T12:26:23.416Z] LOG: Channel created successfully
[2025-01-02T12:26:24.435Z] LOG: Reconnecting to RabbitMq in 5 seconds...
[2025-01-02T12:26:29.447Z] LOG: Attempting to connect to RabbitMQ server...
[2025-01-02T12:26:29.451Z] LOG: Creating a new RabbitMq channel...
[2025-01-02T12:26:29.452Z] LOG: Channel created successfully
[2025-01-02T12:30:53.105Z] LOG: Attempting to connect to RabbitMQ server...
[2025-01-02T12:30:53.113Z] LOG: Creating a new RabbitMq channel...
[2025-01-02T12:30:53.115Z] LOG: Channel created successfully
[2025-01-02T12:30:54.129Z] LOG: Reconnecting to RabbitMq in 5 seconds...
[2025-01-02T12:30:59.138Z] LOG: Attempting to connect to RabbitMQ server...
[2025-01-02T12:30:59.143Z] LOG: Creating a new RabbitMq channel...
[2025-01-02T12:30:59.144Z] LOG: Channel created successfully
[2025-01-02T12:32:23.659Z] LOG: Attempting to connect to RabbitMQ server...
[2025-01-02T12:32:23.667Z] LOG: Creating a new RabbitMq channel...
[2025-01-02T12:32:23.669Z] LOG: Channel created successfully
[2025-01-02T12:32:24.678Z] LOG: Reconnecting to RabbitMq in 5 seconds...
[2025-01-02T12:32:29.682Z] LOG: Attempting to connect to RabbitMQ server...
[2025-01-02T12:32:29.687Z] LOG: Creating a new RabbitMq channel...
[2025-01-02T12:32:29.687Z] LOG: Channel created successfully
[2025-01-02T12:34:56.085Z] LOG: Attempting to connect to RabbitMQ server...
[2025-01-02T12:34:56.092Z] LOG: Creating a new RabbitMq channel...
[2025-01-02T12:34:56.093Z] LOG: Channel created successfully
[2025-01-02T12:34:57.110Z] LOG: Reconnecting to RabbitMq in 5 seconds...
[2025-01-02T12:35:02.110Z] LOG: Attempting to connect to RabbitMQ server...
[2025-01-02T12:35:02.113Z] LOG: Creating a new RabbitMq channel...
[2025-01-02T12:35:02.114Z] LOG: Channel created successfully
[2025-01-02T12:39:36.233Z] LOG: Attempting to connect to RabbitMQ server...
[2025-01-02T12:39:36.240Z] LOG: Creating a new RabbitMq channel...
[2025-01-02T12:39:36.241Z] LOG: Channel created successfully
[2025-01-02T12:39:37.255Z] LOG: Reconnecting to RabbitMq in 5 seconds...
[2025-01-02T12:39:42.258Z] LOG: Attempting to connect to RabbitMQ server...
[2025-01-02T12:39:42.262Z] LOG: Creating a new RabbitMq channel...
[2025-01-02T12:39:42.263Z] LOG: Channel created successfully
[2025-01-02T12:52:02.560Z] LOG: Attempting to connect to RabbitMQ server...
[2025-01-02T12:52:02.568Z] LOG: Creating a new RabbitMq channel...
[2025-01-02T12:52:02.569Z] LOG: Channel created successfully
[2025-01-02T12:52:03.584Z] LOG: Reconnecting to RabbitMq in 5 seconds...
[2025-01-02T12:52:08.598Z] LOG: Attempting to connect to RabbitMQ server...
[2025-01-02T12:52:08.603Z] LOG: Creating a new RabbitMq channel...
[2025-01-02T12:52:08.603Z] LOG: Channel created successfully
[2025-01-02T12:54:09.942Z] LOG: Attempting to connect to RabbitMQ server...
[2025-01-02T12:54:09.948Z] LOG: Creating a new RabbitMq channel...
[2025-01-02T12:54:09.950Z] LOG: Channel created successfully
[2025-01-02T12:54:10.958Z] LOG: Reconnecting to RabbitMq in 5 seconds...
[2025-01-02T12:54:15.961Z] LOG: Attempting to connect to RabbitMQ server...
[2025-01-02T12:54:15.965Z] LOG: Creating a new RabbitMq channel...
[2025-01-02T12:54:15.966Z] LOG: Channel created successfully
[2025-01-02T12:56:15.140Z] LOG: Attempting to connect to RabbitMQ server...
[2025-01-02T12:56:15.146Z] LOG: Creating a new RabbitMq channel...
[2025-01-02T12:56:15.147Z] LOG: Channel created successfully
[2025-01-02T12:56:16.159Z] LOG: Reconnecting to RabbitMq in 5 seconds...
[2025-01-02T12:56:21.160Z] LOG: Attempting to connect to RabbitMQ server...
[2025-01-02T12:56:21.164Z] LOG: Creating a new RabbitMq channel...
[2025-01-02T12:56:21.165Z] LOG: Channel created successfully
[2025-01-02T12:56:53.054Z] LOG: Attempting to connect to RabbitMQ server...
[2025-01-02T12:56:53.062Z] LOG: Creating a new RabbitMq channel...
[2025-01-02T12:56:53.063Z] LOG: Channel created successfully
[2025-01-02T12:56:54.083Z] LOG: Reconnecting to RabbitMq in 5 seconds...
[2025-01-02T12:56:59.091Z] LOG: Attempting to connect to RabbitMQ server...
[2025-01-02T12:56:59.095Z] LOG: Creating a new RabbitMq channel...
[2025-01-02T12:56:59.096Z] LOG: Channel created successfully
[2025-01-02T12:58:29.675Z] LOG: Attempting to connect to RabbitMQ server...
[2025-01-02T12:58:29.683Z] LOG: Creating a new RabbitMq channel...
[2025-01-02T12:58:29.685Z] LOG: Channel created successfully
[2025-01-02T12:58:30.702Z] LOG: Reconnecting to RabbitMq in 5 seconds...
[2025-01-02T12:58:35.710Z] LOG: Attempting to connect to RabbitMQ server...
[2025-01-02T12:58:35.714Z] LOG: Creating a new RabbitMq channel...
[2025-01-02T12:58:35.714Z] LOG: Channel created successfully
[2025-01-02T12:59:28.269Z] LOG: Attempting to connect to RabbitMQ server...
[2025-01-02T12:59:28.276Z] LOG: Creating a new RabbitMq channel...
[2025-01-02T12:59:28.277Z] LOG: Channel created successfully
[2025-01-02T12:59:29.297Z] LOG: Reconnecting to RabbitMq in 5 seconds...
[2025-01-02T12:59:34.301Z] LOG: Attempting to connect to RabbitMQ server...
[2025-01-02T12:59:34.312Z] LOG: Creating a new RabbitMq channel...
[2025-01-02T12:59:34.313Z] LOG: Channel created successfully
[2025-01-02T13:00:09.914Z] LOG: Attempting to connect to RabbitMQ server...
[2025-01-02T13:00:09.921Z] LOG: Creating a new RabbitMq channel...
[2025-01-02T13:00:09.922Z] LOG: Channel created successfully
[2025-01-02T13:00:10.942Z] LOG: Reconnecting to RabbitMq in 5 seconds...
[2025-01-02T13:00:15.946Z] LOG: Attempting to connect to RabbitMQ server...
[2025-01-02T13:00:15.949Z] LOG: Creating a new RabbitMq channel...
[2025-01-02T13:00:15.950Z] LOG: Channel created successfully
[2025-01-02T13:00:31.760Z] LOG: Attempting to connect to RabbitMQ server...
[2025-01-02T13:00:31.767Z] LOG: Creating a new RabbitMq channel...
[2025-01-02T13:00:31.768Z] LOG: Channel created successfully
[2025-01-02T13:00:32.788Z] LOG: Reconnecting to RabbitMq in 5 seconds...
[2025-01-02T13:00:37.800Z] LOG: Attempting to connect to RabbitMQ server...
[2025-01-02T13:00:37.805Z] LOG: Creating a new RabbitMq channel...
[2025-01-02T13:00:37.805Z] LOG: Channel created successfully
